#
# A fatal error has been detected by the Java Runtime Environment:
#
#  EXCEPTION_ACCESS_VIOLATION (0xc0000005) at pc=0x000000007110b5db, pid=17712, tid=7080
#
# JRE version: Java(TM) SE Runtime Environment (17.0.2+8) (build 17.0.2+8-LTS-86)
# Java VM: Java HotSpot(TM) 64-Bit Server VM (17.0.2+8-LTS-86, mixed mode, sharing, tiered, compressed oops, compressed class ptrs, g1 gc, windows-amd64)
# Problematic frame:
# C  [jSSC-2.8_x86_64.dll+0xb5db]
#
# No core dump will be written. Minidumps are not enabled by default on client versions of Windows
#
# If you would like to submit a bug report, please visit:
#   https://bugreport.java.com/bugreport/crash.jsp
# The crash happened outside the Java Virtual Machine in native code.
# See problematic frame for where to report the bug.
#

---------------  S U M M A R Y ------------

Command Line: -Dfile.encoding=UTF-8 --module-path=D:\Final Projects\HD Final Project\Desktop Application\Netbeans Version\Suwastha Desktop\build\classes RFIDTest

Host: Intel(R) Core(TM) i7-8565U CPU @ 1.80GHz, 8 cores, 7G,  Windows 11 , 64 bit Build 22000 (10.0.22000.434)
Time: Mon Apr 25 12:39:22 2022 Sri Lanka Standard Time elapsed time: 0.096757 seconds (0d 0h 0m 0s)

---------------  T H R E A D  ---------------

Current thread (0x0000025582cd3f40):  JavaThread "main" [_thread_in_native, id=7080, stack(0x0000008bcc600000,0x0000008bcc700000)]

Stack: [0x0000008bcc600000,0x0000008bcc700000],  sp=0x0000008bcc6fee20,  free space=1019k
Native frames: (J=compiled Java code, j=interpreted, Vv=VM code, C=native code)
C  [jSSC-2.8_x86_64.dll+0xb5db]

Java frames: (J=compiled Java code, j=interpreted, Vv=VM code)
j  jssc.SerialNativeInterface.openPort(Ljava/lang/String;Z)J+0
j  jssc.SerialPort.openPort()Z+65
j  RFIDTest.connect(Ljava/lang/String;)V+10
j  RFIDTest.main([Ljava/lang/String;)V+39
v  ~StubRoutines::call_stub

siginfo: EXCEPTION_ACCESS_VIOLATION (0xc0000005), reading address 0xffffffff80d0b375


Register to memory mapping:

RIP=0x000000007110b5db jSSC-2.8_x86_64.dll
RAX=0xffffffff80d0b375 is an unknown value
RBX=0x0000008bcc6fee90 is pointing into the stack for thread: 0x0000025582cd3f40
RCX=0x00007ff84d943934 ntdll.dll
RDX=0x0 is NULL
RSP=0x0000008bcc6fee20 is pointing into the stack for thread: 0x0000025582cd3f40
RBP=0x0000008bcc6fefa0 is pointing into the stack for thread: 0x0000025582cd3f40
RSI=0x0000025582cd41e8 points into unknown readable memory: 0x00007fffcde95640 | 40 56 e9 cd ff 7f 00 00
RDI=0x000000000000049c is an unknown value
R8 =0x0000008bcc6fed18 is pointing into the stack for thread: 0x0000025582cd3f40
R9 =0x0 is NULL
R10=0x0 is NULL
R11=0x0000000000000246 is an unknown value
R12=0x0000008bcc6ff060 is pointing into the stack for thread: 0x0000025582cd3f40
R13=0x00000255a18ba790 points into unknown readable memory: 0x000000000000005c | 5c 00 00 00 00 00 00 00
R14=0x0000008bcc6fef50 is pointing into the stack for thread: 0x0000025582cd3f40
R15=0x0000025582cd3f40 is a thread


Registers:
RAX=0xffffffff80d0b375, RBX=0x0000008bcc6fee90, RCX=0x00007ff84d943934, RDX=0x0000000000000000
RSP=0x0000008bcc6fee20, RBP=0x0000008bcc6fefa0, RSI=0x0000025582cd41e8, RDI=0x000000000000049c
R8 =0x0000008bcc6fed18, R9 =0x0000000000000000, R10=0x0000000000000000, R11=0x0000000000000246
R12=0x0000008bcc6ff060, R13=0x00000255a18ba790, R14=0x0000008bcc6fef50, R15=0x0000025582cd3f40
RIP=0x000000007110b5db, EFLAGS=0x0000000000010202

Top of Stack: (sp=0x0000008bcc6fee20)
0x0000008bcc6fee20:   00000255a188e2e0 0000025580980000
0x0000008bcc6fee30:   000000007110b230 0000025580b30000
0x0000008bcc6fee40:   0000008bcc6fef00 0000000000000004
0x0000008bcc6fee50:   0000025582cd41e8 000000000000049c
0x0000008bcc6fee60:   0000008bcc6fefa0 0000000071112590
0x0000008bcc6fee70:   0000025582cd3f40 0000008bcc6fef50
0x0000008bcc6fee80:   00000255a18ba790 0000008bcc6ff060
0x0000008bcc6fee90:   00000255a18ba790 00007ff84d8c7631
0x0000008bcc6feea0:   00000255a18ba780 0000025580b30000
0x0000008bcc6feeb0:   0000008bcc6fefa0 0000000000000000
0x0000008bcc6feec0:   0000000071113500 0000000071113be8
0x0000008bcc6feed0:   0000008bcc6fef00 0000000071112641
0x0000008bcc6feee0:   0000008bcc6fee70 0000025582cd41e8
0x0000008bcc6feef0:   0000000000000000 0000000000000000
0x0000008bcc6fef00:   0000008bcc6fefa0 0000000071101595
0x0000008bcc6fef10:   000000000000001c 0000025500000000 

Instructions: (pc=0x000000007110b5db)
0x000000007110b4db:   48 85 c0 74 bf 44 8b 03 45 85 c0 0f 84 77 ff ff
0x000000007110b4eb:   ff eb 9f 66 90 e8 8b fe ff ff 48 89 05 0c 34 01
0x000000007110b4fb:   00 eb ad 66 90 e8 7b fe ff ff 48 89 05 fc 33 01
0x000000007110b50b:   00 eb 8b e8 8d fe ff ff c7 03 01 00 00 00 e9 6f
0x000000007110b51b:   ff ff ff 66 90 55 48 89 e5 56 53 48 83 ec 20 48
0x000000007110b52b:   8b 05 d7 33 01 00 48 8b 31 48 89 cb 48 85 c0 74
0x000000007110b53b:   56 44 8b 18 45 85 db 78 42 48 8b 05 bd 33 01 00
0x000000007110b54b:   48 85 c0 74 50 44 8b 10 45 85 d2 74 1d 48 89 f1
0x000000007110b55b:   e8 d0 fd ff ff 48 8b 13 48 8d 42 40 48 8b 48 08
0x000000007110b56b:   48 8b 6a 40 48 8b 60 10 ff e1 48 8b 05 9c 33 01
0x000000007110b57b:   00 48 85 c0 74 2d 48 89 30 eb da e8 b5 fe ff ff
0x000000007110b58b:   0f 1f 44 00 00 eb b2 e8 e9 fd ff ff 48 89 05 6a
0x000000007110b59b:   33 01 00 eb 9c e8 db fd ff ff 48 89 05 5c 33 01
0x000000007110b5ab:   00 eb a2 e8 3d fd ff ff 48 89 05 5e 33 01 00 eb
0x000000007110b5bb:   c5 0f 1f 40 00 55 57 56 53 48 83 ec 28 48 8b 05
0x000000007110b5cb:   39 33 01 00 48 89 cb 48 85 c0 0f 84 c5 00 00 00
0x000000007110b5db:   8b 38 85 ff 0f 88 ab 00 00 00 48 8b 05 1c 33 01
0x000000007110b5eb:   00 48 85 c0 0f 84 bc 00 00 00 8b 30 85 f6 74 57
0x000000007110b5fb:   48 8b 05 0e 33 01 00 48 85 c0 0f 84 e5 00 00 00
0x000000007110b60b:   8b 28 48 8b 35 10 5e 01 00 ff d6 89 c7 89 e9 ff
0x000000007110b61b:   15 f4 5e 01 00 89 f9 48 89 c5 ff 15 b9 5e 01 00
0x000000007110b62b:   48 8b 05 de 32 01 00 48 89 2b 48 85 c0 74 46 48
0x000000007110b63b:   89 da 8b 08 ff 15 d7 5e 01 00 85 c0 74 27 48 83
0x000000007110b64b:   c4 28 5b 5e 5f 5d c3 48 8b 05 bf 32 01 00 48 85
0x000000007110b65b:   c0 74 64 48 8b 10 48 89 13 48 89 18 48 83 c4 28
0x000000007110b66b:   5b 5e 5f 5d c3 48 89 f2 48 83 c4 28 5b 5e 5f 5d
0x000000007110b67b:   48 ff e2 66 90 e8 8b fc ff ff 48 89 05 84 32 01
0x000000007110b68b:   00 eb ac 66 90 e8 ab fd ff ff e9 4b ff ff ff 66
0x000000007110b69b:   0f 1f 44 00 00 e8 db fc ff ff 48 89 05 5c 32 01
0x000000007110b6ab:   00 e9 2a ff ff ff e8 ca fc ff ff 48 89 05 4b 32
0x000000007110b6bb:   01 00 e9 33 ff ff ff e8 29 fc ff ff 48 89 05 4a
0x000000007110b6cb:   32 01 00 48 8b 10 48 85 c0 48 89 13 75 8b e8 12 


Stack slot to memory mapping:
stack at sp + 0 slots: 0x00000255a188e2e0 points into unknown readable memory: 0x00000255809812c0 | c0 12 98 80 55 02 00 00
stack at sp + 1 slots: 0x0000025580980000 points into unknown readable memory: 0x0000000000000000 | 00 00 00 00 00 00 00 00
stack at sp + 2 slots: 0x000000007110b230 jSSC-2.8_x86_64.dll
stack at sp + 3 slots: 0x0000025580b30000 points into unknown readable memory: 0x0000000000000000 | 00 00 00 00 00 00 00 00
stack at sp + 4 slots: 0x0000008bcc6fef00 is pointing into the stack for thread: 0x0000025582cd3f40
stack at sp + 5 slots: 0x0000000000000004 is an unknown value
stack at sp + 6 slots: 0x0000025582cd41e8 points into unknown readable memory: 0x00007fffcde95640 | 40 56 e9 cd ff 7f 00 00
stack at sp + 7 slots: 0x000000000000049c is an unknown value


---------------  P R O C E S S  ---------------

Threads class SMR info:
_java_thread_list=0x00000255a18ed740, length=12, elements={
0x0000025582cd3f40, 0x00000255a0d30c10, 0x00000255a0d31a80, 0x00000255a0d46610,
0x00000255a0d46fc0, 0x00000255a0d48d80, 0x00000255a0d49730, 0x00000255a0d4a410,
0x00000255a0d52ec0, 0x00000255a0d558c0, 0x00000255a1883a10, 0x00000255a192da40
}

Java Threads: ( => current thread )
=>0x0000025582cd3f40 JavaThread "main" [_thread_in_native, id=7080, stack(0x0000008bcc600000,0x0000008bcc700000)]
  0x00000255a0d30c10 JavaThread "Reference Handler" daemon [_thread_blocked, id=15756, stack(0x0000008bccd00000,0x0000008bcce00000)]
  0x00000255a0d31a80 JavaThread "Finalizer" daemon [_thread_blocked, id=15508, stack(0x0000008bcce00000,0x0000008bccf00000)]
  0x00000255a0d46610 JavaThread "Signal Dispatcher" daemon [_thread_blocked, id=13536, stack(0x0000008bccf00000,0x0000008bcd000000)]
  0x00000255a0d46fc0 JavaThread "Attach Listener" daemon [_thread_blocked, id=1216, stack(0x0000008bcd000000,0x0000008bcd100000)]
  0x00000255a0d48d80 JavaThread "Service Thread" daemon [_thread_blocked, id=17976, stack(0x0000008bcd100000,0x0000008bcd200000)]
  0x00000255a0d49730 JavaThread "Monitor Deflation Thread" daemon [_thread_blocked, id=9732, stack(0x0000008bcd200000,0x0000008bcd300000)]
  0x00000255a0d4a410 JavaThread "C2 CompilerThread0" daemon [_thread_blocked, id=14608, stack(0x0000008bcd300000,0x0000008bcd400000)]
  0x00000255a0d52ec0 JavaThread "C1 CompilerThread0" daemon [_thread_blocked, id=3300, stack(0x0000008bcd400000,0x0000008bcd500000)]
  0x00000255a0d558c0 JavaThread "Sweeper thread" daemon [_thread_blocked, id=5472, stack(0x0000008bcd500000,0x0000008bcd600000)]
  0x00000255a1883a10 JavaThread "Common-Cleaner" daemon [_thread_blocked, id=15752, stack(0x0000008bcd600000,0x0000008bcd700000)]
  0x00000255a192da40 JavaThread "Notification Thread" daemon [_thread_blocked, id=10168, stack(0x0000008bcd700000,0x0000008bcd800000)]

Other Threads:
  0x00000255a0d2d020 VMThread "VM Thread" [stack: 0x0000008bccc00000,0x0000008bccd00000] [id=14868]
  0x0000025582d310a0 WatcherThread [stack: 0x0000008bcd800000,0x0000008bcd900000] [id=16848]
  0x0000025582d137e0 GCTaskThread "GC Thread#0" [stack: 0x0000008bcc700000,0x0000008bcc800000] [id=4648]
  0x0000025582d252b0 ConcurrentGCThread "G1 Main Marker" [stack: 0x0000008bcc800000,0x0000008bcc900000] [id=392]
  0x0000025582d25cc0 ConcurrentGCThread "G1 Conc#0" [stack: 0x0000008bcc900000,0x0000008bcca00000] [id=16740]
  0x00000255a0bb0090 ConcurrentGCThread "G1 Refine#0" [stack: 0x0000008bcca00000,0x0000008bccb00000] [id=9568]
  0x00000255a0bb0ab0 ConcurrentGCThread "G1 Service" [stack: 0x0000008bccb00000,0x0000008bccc00000] [id=9864]

Threads with active compile tasks:

VM state: not at safepoint (normal execution)

VM Mutex/Monitor currently owned by a thread: None

Heap address: 0x0000000082400000, size: 2012 MB, Compressed Oops mode: 32-bit

CDS archive(s) mapped at: [0x0000000800000000-0x0000000800bc0000-0x0000000800bc0000), size 12320768, SharedBaseAddress: 0x0000000800000000, ArchiveRelocationMode: 0.
Compressed class space mapped at: 0x0000000800c00000-0x0000000840c00000, reserved size: 1073741824
Narrow klass base: 0x0000000800000000, Narrow klass shift: 0, Narrow klass range: 0x100000000

GC Precious Log:
 CPUs: 8 total, 8 available
 Memory: 8043M
 Large Page Support: Disabled
 NUMA Support: Disabled
 Compressed Oops: Enabled (32-bit)
 Heap Region Size: 1M
 Heap Min Capacity: 8M
 Heap Initial Capacity: 126M
 Heap Max Capacity: 2012M
 Pre-touch: Disabled
 Parallel Workers: 8
 Concurrent Workers: 2
 Concurrent Refinement Workers: 8
 Periodic GC: Disabled

Heap:
 garbage-first heap   total 129024K, used 3072K [0x0000000082400000, 0x0000000100000000)
  region size 1024K, 4 young (4096K), 0 survivors (0K)
 Metaspace       used 494K, committed 640K, reserved 1056768K
  class space    used 34K, committed 128K, reserved 1048576K

Heap Regions: E=young(eden), S=young(survivor), O=old, HS=humongous(starts), HC=humongous(continues), CS=collection set, F=free, OA=open archive, CA=closed archive, TAMS=top-at-mark-start (previous, next)
|   0|0x0000000082400000, 0x0000000082400000, 0x0000000082500000|  0%| F|  |TAMS 0x0000000082400000, 0x0000000082400000| Untracked 
|   1|0x0000000082500000, 0x0000000082500000, 0x0000000082600000|  0%| F|  |TAMS 0x0000000082500000, 0x0000000082500000| Untracked 
|   2|0x0000000082600000, 0x0000000082600000, 0x0000000082700000|  0%| F|  |TAMS 0x0000000082600000, 0x0000000082600000| Untracked 
|   3|0x0000000082700000, 0x0000000082700000, 0x0000000082800000|  0%| F|  |TAMS 0x0000000082700000, 0x0000000082700000| Untracked 
|   4|0x0000000082800000, 0x0000000082800000, 0x0000000082900000|  0%| F|  |TAMS 0x0000000082800000, 0x0000000082800000| Untracked 
|   5|0x0000000082900000, 0x0000000082900000, 0x0000000082a00000|  0%| F|  |TAMS 0x0000000082900000, 0x0000000082900000| Untracked 
|   6|0x0000000082a00000, 0x0000000082a00000, 0x0000000082b00000|  0%| F|  |TAMS 0x0000000082a00000, 0x0000000082a00000| Untracked 
|   7|0x0000000082b00000, 0x0000000082b00000, 0x0000000082c00000|  0%| F|  |TAMS 0x0000000082b00000, 0x0000000082b00000| Untracked 
|   8|0x0000000082c00000, 0x0000000082c00000, 0x0000000082d00000|  0%| F|  |TAMS 0x0000000082c00000, 0x0000000082c00000| Untracked 
|   9|0x0000000082d00000, 0x0000000082d00000, 0x0000000082e00000|  0%| F|  |TAMS 0x0000000082d00000, 0x0000000082d00000| Untracked 
|  10|0x0000000082e00000, 0x0000000082e00000, 0x0000000082f00000|  0%| F|  |TAMS 0x0000000082e00000, 0x0000000082e00000| Untracked 
|  11|0x0000000082f00000, 0x0000000082f00000, 0x0000000083000000|  0%| F|  |TAMS 0x0000000082f00000, 0x0000000082f00000| Untracked 
|  12|0x0000000083000000, 0x0000000083000000, 0x0000000083100000|  0%| F|  |TAMS 0x0000000083000000, 0x0000000083000000| Untracked 
|  13|0x0000000083100000, 0x0000000083100000, 0x0000000083200000|  0%| F|  |TAMS 0x0000000083100000, 0x0000000083100000| Untracked 
|  14|0x0000000083200000, 0x0000000083200000, 0x0000000083300000|  0%| F|  |TAMS 0x0000000083200000, 0x0000000083200000| Untracked 
|  15|0x0000000083300000, 0x0000000083300000, 0x0000000083400000|  0%| F|  |TAMS 0x0000000083300000, 0x0000000083300000| Untracked 
|  16|0x0000000083400000, 0x0000000083400000, 0x0000000083500000|  0%| F|  |TAMS 0x0000000083400000, 0x0000000083400000| Untracked 
|  17|0x0000000083500000, 0x0000000083500000, 0x0000000083600000|  0%| F|  |TAMS 0x0000000083500000, 0x0000000083500000| Untracked 
|  18|0x0000000083600000, 0x0000000083600000, 0x0000000083700000|  0%| F|  |TAMS 0x0000000083600000, 0x0000000083600000| Untracked 
|  19|0x0000000083700000, 0x0000000083700000, 0x0000000083800000|  0%| F|  |TAMS 0x0000000083700000, 0x0000000083700000| Untracked 
|  20|0x0000000083800000, 0x0000000083800000, 0x0000000083900000|  0%| F|  |TAMS 0x0000000083800000, 0x0000000083800000| Untracked 
|  21|0x0000000083900000, 0x0000000083900000, 0x0000000083a00000|  0%| F|  |TAMS 0x0000000083900000, 0x0000000083900000| Untracked 
|  22|0x0000000083a00000, 0x0000000083a00000, 0x0000000083b00000|  0%| F|  |TAMS 0x0000000083a00000, 0x0000000083a00000| Untracked 
|  23|0x0000000083b00000, 0x0000000083b00000, 0x0000000083c00000|  0%| F|  |TAMS 0x0000000083b00000, 0x0000000083b00000| Untracked 
|  24|0x0000000083c00000, 0x0000000083c00000, 0x0000000083d00000|  0%| F|  |TAMS 0x0000000083c00000, 0x0000000083c00000| Untracked 
|  25|0x0000000083d00000, 0x0000000083d00000, 0x0000000083e00000|  0%| F|  |TAMS 0x0000000083d00000, 0x0000000083d00000| Untracked 
|  26|0x0000000083e00000, 0x0000000083e00000, 0x0000000083f00000|  0%| F|  |TAMS 0x0000000083e00000, 0x0000000083e00000| Untracked 
|  27|0x0000000083f00000, 0x0000000083f00000, 0x0000000084000000|  0%| F|  |TAMS 0x0000000083f00000, 0x0000000083f00000| Untracked 
|  28|0x0000000084000000, 0x0000000084000000, 0x0000000084100000|  0%| F|  |TAMS 0x0000000084000000, 0x0000000084000000| Untracked 
|  29|0x0000000084100000, 0x0000000084100000, 0x0000000084200000|  0%| F|  |TAMS 0x0000000084100000, 0x0000000084100000| Untracked 
|  30|0x0000000084200000, 0x0000000084200000, 0x0000000084300000|  0%| F|  |TAMS 0x0000000084200000, 0x0000000084200000| Untracked 
|  31|0x0000000084300000, 0x0000000084300000, 0x0000000084400000|  0%| F|  |TAMS 0x0000000084300000, 0x0000000084300000| Untracked 
|  32|0x0000000084400000, 0x0000000084400000, 0x0000000084500000|  0%| F|  |TAMS 0x0000000084400000, 0x0000000084400000| Untracked 
|  33|0x0000000084500000, 0x0000000084500000, 0x0000000084600000|  0%| F|  |TAMS 0x0000000084500000, 0x0000000084500000| Untracked 
|  34|0x0000000084600000, 0x0000000084600000, 0x0000000084700000|  0%| F|  |TAMS 0x0000000084600000, 0x0000000084600000| Untracked 
|  35|0x0000000084700000, 0x0000000084700000, 0x0000000084800000|  0%| F|  |TAMS 0x0000000084700000, 0x0000000084700000| Untracked 
|  36|0x0000000084800000, 0x0000000084800000, 0x0000000084900000|  0%| F|  |TAMS 0x0000000084800000, 0x0000000084800000| Untracked 
|  37|0x0000000084900000, 0x0000000084900000, 0x0000000084a00000|  0%| F|  |TAMS 0x0000000084900000, 0x0000000084900000| Untracked 
|  38|0x0000000084a00000, 0x0000000084a00000, 0x0000000084b00000|  0%| F|  |TAMS 0x0000000084a00000, 0x0000000084a00000| Untracked 
|  39|0x0000000084b00000, 0x0000000084b00000, 0x0000000084c00000|  0%| F|  |TAMS 0x0000000084b00000, 0x0000000084b00000| Untracked 
|  40|0x0000000084c00000, 0x0000000084c00000, 0x0000000084d00000|  0%| F|  |TAMS 0x0000000084c00000, 0x0000000084c00000| Untracked 
|  41|0x0000000084d00000, 0x0000000084d00000, 0x0000000084e00000|  0%| F|  |TAMS 0x0000000084d00000, 0x0000000084d00000| Untracked 
|  42|0x0000000084e00000, 0x0000000084e00000, 0x0000000084f00000|  0%| F|  |TAMS 0x0000000084e00000, 0x0000000084e00000| Untracked 
|  43|0x0000000084f00000, 0x0000000084f00000, 0x0000000085000000|  0%| F|  |TAMS 0x0000000084f00000, 0x0000000084f00000| Untracked 
|  44|0x0000000085000000, 0x0000000085000000, 0x0000000085100000|  0%| F|  |TAMS 0x0000000085000000, 0x0000000085000000| Untracked 
|  45|0x0000000085100000, 0x0000000085100000, 0x0000000085200000|  0%| F|  |TAMS 0x0000000085100000, 0x0000000085100000| Untracked 
|  46|0x0000000085200000, 0x0000000085200000, 0x0000000085300000|  0%| F|  |TAMS 0x0000000085200000, 0x0000000085200000| Untracked 
|  47|0x0000000085300000, 0x0000000085300000, 0x0000000085400000|  0%| F|  |TAMS 0x0000000085300000, 0x0000000085300000| Untracked 
|  48|0x0000000085400000, 0x0000000085400000, 0x0000000085500000|  0%| F|  |TAMS 0x0000000085400000, 0x0000000085400000| Untracked 
|  49|0x0000000085500000, 0x0000000085500000, 0x0000000085600000|  0%| F|  |TAMS 0x0000000085500000, 0x0000000085500000| Untracked 
|  50|0x0000000085600000, 0x0000000085600000, 0x0000000085700000|  0%| F|  |TAMS 0x0000000085600000, 0x0000000085600000| Untracked 
|  51|0x0000000085700000, 0x0000000085700000, 0x0000000085800000|  0%| F|  |TAMS 0x0000000085700000, 0x0000000085700000| Untracked 
|  52|0x0000000085800000, 0x0000000085800000, 0x0000000085900000|  0%| F|  |TAMS 0x0000000085800000, 0x0000000085800000| Untracked 
|  53|0x0000000085900000, 0x0000000085900000, 0x0000000085a00000|  0%| F|  |TAMS 0x0000000085900000, 0x0000000085900000| Untracked 
|  54|0x0000000085a00000, 0x0000000085a00000, 0x0000000085b00000|  0%| F|  |TAMS 0x0000000085a00000, 0x0000000085a00000| Untracked 
|  55|0x0000000085b00000, 0x0000000085b00000, 0x0000000085c00000|  0%| F|  |TAMS 0x0000000085b00000, 0x0000000085b00000| Untracked 
|  56|0x0000000085c00000, 0x0000000085c00000, 0x0000000085d00000|  0%| F|  |TAMS 0x0000000085c00000, 0x0000000085c00000| Untracked 
|  57|0x0000000085d00000, 0x0000000085d00000, 0x0000000085e00000|  0%| F|  |TAMS 0x0000000085d00000, 0x0000000085d00000| Untracked 
|  58|0x0000000085e00000, 0x0000000085e00000, 0x0000000085f00000|  0%| F|  |TAMS 0x0000000085e00000, 0x0000000085e00000| Untracked 
|  59|0x0000000085f00000, 0x0000000085f00000, 0x0000000086000000|  0%| F|  |TAMS 0x0000000085f00000, 0x0000000085f00000| Untracked 
|  60|0x0000000086000000, 0x0000000086000000, 0x0000000086100000|  0%| F|  |TAMS 0x0000000086000000, 0x0000000086000000| Untracked 
|  61|0x0000000086100000, 0x0000000086100000, 0x0000000086200000|  0%| F|  |TAMS 0x0000000086100000, 0x0000000086100000| Untracked 
|  62|0x0000000086200000, 0x0000000086200000, 0x0000000086300000|  0%| F|  |TAMS 0x0000000086200000, 0x0000000086200000| Untracked 
|  63|0x0000000086300000, 0x0000000086300000, 0x0000000086400000|  0%| F|  |TAMS 0x0000000086300000, 0x0000000086300000| Untracked 
|  64|0x0000000086400000, 0x0000000086400000, 0x0000000086500000|  0%| F|  |TAMS 0x0000000086400000, 0x0000000086400000| Untracked 
|  65|0x0000000086500000, 0x0000000086500000, 0x0000000086600000|  0%| F|  |TAMS 0x0000000086500000, 0x0000000086500000| Untracked 
|  66|0x0000000086600000, 0x0000000086600000, 0x0000000086700000|  0%| F|  |TAMS 0x0000000086600000, 0x0000000086600000| Untracked 
|  67|0x0000000086700000, 0x0000000086700000, 0x0000000086800000|  0%| F|  |TAMS 0x0000000086700000, 0x0000000086700000| Untracked 
|  68|0x0000000086800000, 0x0000000086800000, 0x0000000086900000|  0%| F|  |TAMS 0x0000000086800000, 0x0000000086800000| Untracked 
|  69|0x0000000086900000, 0x0000000086900000, 0x0000000086a00000|  0%| F|  |TAMS 0x0000000086900000, 0x0000000086900000| Untracked 
|  70|0x0000000086a00000, 0x0000000086a00000, 0x0000000086b00000|  0%| F|  |TAMS 0x0000000086a00000, 0x0000000086a00000| Untracked 
|  71|0x0000000086b00000, 0x0000000086b00000, 0x0000000086c00000|  0%| F|  |TAMS 0x0000000086b00000, 0x0000000086b00000| Untracked 
|  72|0x0000000086c00000, 0x0000000086c00000, 0x0000000086d00000|  0%| F|  |TAMS 0x0000000086c00000, 0x0000000086c00000| Untracked 
|  73|0x0000000086d00000, 0x0000000086d00000, 0x0000000086e00000|  0%| F|  |TAMS 0x0000000086d00000, 0x0000000086d00000| Untracked 
|  74|0x0000000086e00000, 0x0000000086e00000, 0x0000000086f00000|  0%| F|  |TAMS 0x0000000086e00000, 0x0000000086e00000| Untracked 
|  75|0x0000000086f00000, 0x0000000086f00000, 0x0000000087000000|  0%| F|  |TAMS 0x0000000086f00000, 0x0000000086f00000| Untracked 
|  76|0x0000000087000000, 0x0000000087000000, 0x0000000087100000|  0%| F|  |TAMS 0x0000000087000000, 0x0000000087000000| Untracked 
|  77|0x0000000087100000, 0x0000000087100000, 0x0000000087200000|  0%| F|  |TAMS 0x0000000087100000, 0x0000000087100000| Untracked 
|  78|0x0000000087200000, 0x0000000087200000, 0x0000000087300000|  0%| F|  |TAMS 0x0000000087200000, 0x0000000087200000| Untracked 
|  79|0x0000000087300000, 0x0000000087300000, 0x0000000087400000|  0%| F|  |TAMS 0x0000000087300000, 0x0000000087300000| Untracked 
|  80|0x0000000087400000, 0x0000000087400000, 0x0000000087500000|  0%| F|  |TAMS 0x0000000087400000, 0x0000000087400000| Untracked 
|  81|0x0000000087500000, 0x0000000087500000, 0x0000000087600000|  0%| F|  |TAMS 0x0000000087500000, 0x0000000087500000| Untracked 
|  82|0x0000000087600000, 0x0000000087600000, 0x0000000087700000|  0%| F|  |TAMS 0x0000000087600000, 0x0000000087600000| Untracked 
|  83|0x0000000087700000, 0x0000000087700000, 0x0000000087800000|  0%| F|  |TAMS 0x0000000087700000, 0x0000000087700000| Untracked 
|  84|0x0000000087800000, 0x0000000087800000, 0x0000000087900000|  0%| F|  |TAMS 0x0000000087800000, 0x0000000087800000| Untracked 
|  85|0x0000000087900000, 0x0000000087900000, 0x0000000087a00000|  0%| F|  |TAMS 0x0000000087900000, 0x0000000087900000| Untracked 
|  86|0x0000000087a00000, 0x0000000087a00000, 0x0000000087b00000|  0%| F|  |TAMS 0x0000000087a00000, 0x0000000087a00000| Untracked 
|  87|0x0000000087b00000, 0x0000000087b00000, 0x0000000087c00000|  0%| F|  |TAMS 0x0000000087b00000, 0x0000000087b00000| Untracked 
|  88|0x0000000087c00000, 0x0000000087c00000, 0x0000000087d00000|  0%| F|  |TAMS 0x0000000087c00000, 0x0000000087c00000| Untracked 
|  89|0x0000000087d00000, 0x0000000087d00000, 0x0000000087e00000|  0%| F|  |TAMS 0x0000000087d00000, 0x0000000087d00000| Untracked 
|  90|0x0000000087e00000, 0x0000000087e00000, 0x0000000087f00000|  0%| F|  |TAMS 0x0000000087e00000, 0x0000000087e00000| Untracked 
|  91|0x0000000087f00000, 0x0000000087f00000, 0x0000000088000000|  0%| F|  |TAMS 0x0000000087f00000, 0x0000000087f00000| Untracked 
|  92|0x0000000088000000, 0x0000000088000000, 0x0000000088100000|  0%| F|  |TAMS 0x0000000088000000, 0x0000000088000000| Untracked 
|  93|0x0000000088100000, 0x0000000088100000, 0x0000000088200000|  0%| F|  |TAMS 0x0000000088100000, 0x0000000088100000| Untracked 
|  94|0x0000000088200000, 0x0000000088200000, 0x0000000088300000|  0%| F|  |TAMS 0x0000000088200000, 0x0000000088200000| Untracked 
|  95|0x0000000088300000, 0x0000000088300000, 0x0000000088400000|  0%| F|  |TAMS 0x0000000088300000, 0x0000000088300000| Untracked 
|  96|0x0000000088400000, 0x0000000088400000, 0x0000000088500000|  0%| F|  |TAMS 0x0000000088400000, 0x0000000088400000| Untracked 
|  97|0x0000000088500000, 0x0000000088500000, 0x0000000088600000|  0%| F|  |TAMS 0x0000000088500000, 0x0000000088500000| Untracked 
|  98|0x0000000088600000, 0x0000000088600000, 0x0000000088700000|  0%| F|  |TAMS 0x0000000088600000, 0x0000000088600000| Untracked 
|  99|0x0000000088700000, 0x0000000088700000, 0x0000000088800000|  0%| F|  |TAMS 0x0000000088700000, 0x0000000088700000| Untracked 
| 100|0x0000000088800000, 0x0000000088800000, 0x0000000088900000|  0%| F|  |TAMS 0x0000000088800000, 0x0000000088800000| Untracked 
| 101|0x0000000088900000, 0x0000000088900000, 0x0000000088a00000|  0%| F|  |TAMS 0x0000000088900000, 0x0000000088900000| Untracked 
| 102|0x0000000088a00000, 0x0000000088a00000, 0x0000000088b00000|  0%| F|  |TAMS 0x0000000088a00000, 0x0000000088a00000| Untracked 
| 103|0x0000000088b00000, 0x0000000088b00000, 0x0000000088c00000|  0%| F|  |TAMS 0x0000000088b00000, 0x0000000088b00000| Untracked 
| 104|0x0000000088c00000, 0x0000000088c00000, 0x0000000088d00000|  0%| F|  |TAMS 0x0000000088c00000, 0x0000000088c00000| Untracked 
| 105|0x0000000088d00000, 0x0000000088d00000, 0x0000000088e00000|  0%| F|  |TAMS 0x0000000088d00000, 0x0000000088d00000| Untracked 
| 106|0x0000000088e00000, 0x0000000088e00000, 0x0000000088f00000|  0%| F|  |TAMS 0x0000000088e00000, 0x0000000088e00000| Untracked 
| 107|0x0000000088f00000, 0x0000000088f00000, 0x0000000089000000|  0%| F|  |TAMS 0x0000000088f00000, 0x0000000088f00000| Untracked 
| 108|0x0000000089000000, 0x0000000089000000, 0x0000000089100000|  0%| F|  |TAMS 0x0000000089000000, 0x0000000089000000| Untracked 
| 109|0x0000000089100000, 0x0000000089100000, 0x0000000089200000|  0%| F|  |TAMS 0x0000000089100000, 0x0000000089100000| Untracked 
| 110|0x0000000089200000, 0x0000000089200000, 0x0000000089300000|  0%| F|  |TAMS 0x0000000089200000, 0x0000000089200000| Untracked 
| 111|0x0000000089300000, 0x0000000089300000, 0x0000000089400000|  0%| F|  |TAMS 0x0000000089300000, 0x0000000089300000| Untracked 
| 112|0x0000000089400000, 0x0000000089400000, 0x0000000089500000|  0%| F|  |TAMS 0x0000000089400000, 0x0000000089400000| Untracked 
| 113|0x0000000089500000, 0x0000000089500000, 0x0000000089600000|  0%| F|  |TAMS 0x0000000089500000, 0x0000000089500000| Untracked 
| 114|0x0000000089600000, 0x0000000089600000, 0x0000000089700000|  0%| F|  |TAMS 0x0000000089600000, 0x0000000089600000| Untracked 
| 115|0x0000000089700000, 0x0000000089700000, 0x0000000089800000|  0%| F|  |TAMS 0x0000000089700000, 0x0000000089700000| Untracked 
| 116|0x0000000089800000, 0x0000000089800000, 0x0000000089900000|  0%| F|  |TAMS 0x0000000089800000, 0x0000000089800000| Untracked 
| 117|0x0000000089900000, 0x0000000089900000, 0x0000000089a00000|  0%| F|  |TAMS 0x0000000089900000, 0x0000000089900000| Untracked 
| 118|0x0000000089a00000, 0x0000000089a00000, 0x0000000089b00000|  0%| F|  |TAMS 0x0000000089a00000, 0x0000000089a00000| Untracked 
| 119|0x0000000089b00000, 0x0000000089b00000, 0x0000000089c00000|  0%| F|  |TAMS 0x0000000089b00000, 0x0000000089b00000| Untracked 
| 120|0x0000000089c00000, 0x0000000089c00000, 0x0000000089d00000|  0%| F|  |TAMS 0x0000000089c00000, 0x0000000089c00000| Untracked 
| 121|0x0000000089d00000, 0x0000000089d00000, 0x0000000089e00000|  0%| F|  |TAMS 0x0000000089d00000, 0x0000000089d00000| Untracked 
| 122|0x0000000089e00000, 0x0000000089e76480, 0x0000000089f00000| 46%| E|  |TAMS 0x0000000089e00000, 0x0000000089e00000| Complete 
| 123|0x0000000089f00000, 0x000000008a000000, 0x000000008a000000|100%| E|CS|TAMS 0x0000000089f00000, 0x0000000089f00000| Complete 
| 124|0x000000008a000000, 0x000000008a100000, 0x000000008a100000|100%| E|CS|TAMS 0x000000008a000000, 0x000000008a000000| Complete 
| 125|0x000000008a100000, 0x000000008a200000, 0x000000008a200000|100%| E|CS|TAMS 0x000000008a100000, 0x000000008a100000| Complete 

Card table byte_map: [0x0000025599c50000,0x000002559a040000] _byte_map_base: 0x000002559983e000

Marking Bits (Prev, Next): (CMBitMap*) 0x0000025582d14e00, (CMBitMap*) 0x0000025582d14e40
 Prev Bits: [0x000002559a430000, 0x000002559c3a0000)
 Next Bits: [0x000002559c3a0000, 0x000002559e310000)

Polling page: 0x0000025580c40000

Metaspace:

Usage:
  Non-class:    460.36 KB used.
      Class:     34.22 KB used.
       Both:    494.58 KB used.

Virtual space:
  Non-class space:        8.00 MB reserved,     512.00 KB (  6%) committed,  1 nodes.
      Class space:        1.00 GB reserved,     128.00 KB ( <1%) committed,  1 nodes.
             Both:        1.01 GB reserved,     640.00 KB ( <1%) committed. 

Chunk freelists:
   Non-Class:  3.94 MB
       Class:  3.74 MB
        Both:  7.68 MB

MaxMetaspaceSize: unlimited
CompressedClassSpaceSize: 1.00 GB
Initial GC threshold: 21.00 MB
Current GC threshold: 21.00 MB
CDS: on
MetaspaceReclaimPolicy: balanced
 - commit_granule_bytes: 65536.
 - commit_granule_words: 8192.
 - virtual_space_node_default_size: 1048576.
 - enlarge_chunks_in_place: 1.
 - new_chunks_are_fully_committed: 0.
 - uncommit_free_chunks: 1.
 - use_allocation_guard: 0.
 - handle_deallocations: 1.


Internal statistics:

num_allocs_failed_limit: 0.
num_arena_births: 6.
num_arena_deaths: 0.
num_vsnodes_births: 2.
num_vsnodes_deaths: 0.
num_space_committed: 10.
num_space_uncommitted: 0.
num_chunks_returned_to_freelist: 0.
num_chunks_taken_from_freelist: 13.
num_chunk_merges: 0.
num_chunk_splits: 7.
num_chunks_enlarged: 5.
num_purges: 0.
num_inconsistent_stats: 0.

CodeHeap 'non-profiled nmethods': size=120000Kb used=92Kb max_used=92Kb free=119907Kb
 bounds [0x0000025592000000, 0x0000025592270000, 0x0000025599530000]
CodeHeap 'profiled nmethods': size=120000Kb used=300Kb max_used=300Kb free=119700Kb
 bounds [0x000002558aad0000, 0x000002558ad40000, 0x0000025592000000]
CodeHeap 'non-nmethods': size=5760Kb used=1097Kb max_used=1112Kb free=4662Kb
 bounds [0x000002558a530000, 0x000002558a7a0000, 0x000002558aad0000]
 total_blobs=640 nmethods=269 adapters=284
 compilation: enabled
              stopped_count=0, restarted_count=0
 full_count=0

Compilation events (20 events):
Event: 0.087 Thread 0x00000255a0d52ec0 nmethod 258 0x0000025592016290 code [0x0000025592016420, 0x00000255920164f8]
Event: 0.087 Thread 0x00000255a0d4a410 nmethod 224 0x0000025592016590 code [0x0000025592016700, 0x0000025592016a38]
Event: 0.088 Thread 0x00000255a0d52ec0  261       3       java.util.zip.ZipFile$Source::getEntryNext (9 bytes)
Event: 0.088 Thread 0x00000255a0d52ec0 nmethod 261 0x000002558ab13810 code [0x000002558ab139a0, 0x000002558ab13ad8]
Event: 0.088 Thread 0x00000255a0d52ec0  262       3       java.lang.String::startsWith (138 bytes)
Event: 0.089 Thread 0x00000255a0d52ec0 nmethod 262 0x000002558ab13b90 code [0x000002558ab13da0, 0x000002558ab14638]
Event: 0.089 Thread 0x00000255a0d4a410  263 %     4       java.lang.StringLatin1::indexOfChar @ 7 (33 bytes)
Event: 0.090 Thread 0x00000255a0d52ec0  264   !   3       java.util.zip.ZipFile$Source::getEntryPos (173 bytes)
Event: 0.091 Thread 0x00000255a0d4a410 nmethod 263% 0x0000025592016a90 code [0x0000025592016c20, 0x0000025592016e38]
Event: 0.091 Thread 0x00000255a0d4a410  266       4       java.lang.String::length (11 bytes)
Event: 0.091 Thread 0x00000255a0d4a410 nmethod 266 0x0000025592016f90 code [0x0000025592017100, 0x0000025592017198]
Event: 0.092 Thread 0x00000255a0d52ec0 nmethod 264 0x000002558ab14910 code [0x000002558ab14c00, 0x000002558ab15ca8]
Event: 0.092 Thread 0x00000255a0d52ec0  265   !   3       java.util.zip.ZipFile::getEntry (59 bytes)
Event: 0.092 Thread 0x00000255a0d52ec0 nmethod 265 0x000002558ab16690 code [0x000002558ab16880, 0x000002558ab16cf8]
Event: 0.092 Thread 0x00000255a0d52ec0  267       3       java.lang.String::checkBoundsBeginEnd (63 bytes)
Event: 0.093 Thread 0x00000255a0d52ec0 nmethod 267 0x000002558ab16f90 code [0x000002558ab17220, 0x000002558ab17b18]
Event: 0.093 Thread 0x00000255a0d52ec0  268       3       java.lang.String::substring (58 bytes)
Event: 0.093 Thread 0x00000255a0d52ec0 nmethod 268 0x000002558ab17e90 code [0x000002558ab18080, 0x000002558ab18528]
Event: 0.093 Thread 0x00000255a0d52ec0  269   !   3       java.util.jar.JarFile::checkForSpecialAttributes (163 bytes)
Event: 0.093 Thread 0x00000255a0d52ec0 nmethod 269 0x000002558ab18710 code [0x000002558ab18a20, 0x000002558ab19cb8]

GC Heap History (0 events):
No events

Deoptimization events (4 events):
Event: 0.063 Thread 0x0000025582cd3f40 Uncommon trap: trap_request=0xffffff45 fr.pc=0x0000025592008df8 relative=0x0000000000000078
Event: 0.063 Thread 0x0000025582cd3f40 Uncommon trap: reason=unstable_if action=reinterpret pc=0x0000025592008df8 method=java.lang.String.isLatin1()Z @ 10 c2
Event: 0.063 Thread 0x0000025582cd3f40 DEOPT PACKING pc=0x0000025592008df8 sp=0x0000008bcc6fec10
Event: 0.063 Thread 0x0000025582cd3f40 DEOPT UNPACKING pc=0x000002558a5823a3 sp=0x0000008bcc6feb50 mode 2

Classes unloaded (0 events):
No events

Classes redefined (0 events):
No events

Internal exceptions (10 events):
Event: 0.051 Thread 0x0000025582cd3f40 Exception <a 'sun/nio/fs/WindowsException'{0x000000008a039fc0}> (0x000000008a039fc0) 
thrown [t:\workspace\open\src\hotspot\share\prims\jni.cpp, line 516]
Event: 0.051 Thread 0x0000025582cd3f40 Exception <a 'sun/nio/fs/WindowsException'{0x000000008a03a5c8}> (0x000000008a03a5c8) 
thrown [t:\workspace\open\src\hotspot\share\prims\jni.cpp, line 516]
Event: 0.052 Thread 0x0000025582cd3f40 Exception <a 'sun/nio/fs/WindowsException'{0x000000008a03cd50}> (0x000000008a03cd50) 
thrown [t:\workspace\open\src\hotspot\share\prims\jni.cpp, line 516]
Event: 0.052 Thread 0x0000025582cd3f40 Exception <a 'sun/nio/fs/WindowsException'{0x000000008a03d960}> (0x000000008a03d960) 
thrown [t:\workspace\open\src\hotspot\share\prims\jni.cpp, line 516]
Event: 0.052 Thread 0x0000025582cd3f40 Exception <a 'sun/nio/fs/WindowsException'{0x000000008a03eab8}> (0x000000008a03eab8) 
thrown [t:\workspace\open\src\hotspot\share\prims\jni.cpp, line 516]
Event: 0.052 Thread 0x0000025582cd3f40 Exception <a 'sun/nio/fs/WindowsException'{0x000000008a03f718}> (0x000000008a03f718) 
thrown [t:\workspace\open\src\hotspot\share\prims\jni.cpp, line 516]
Event: 0.052 Thread 0x0000025582cd3f40 Exception <a 'sun/nio/fs/WindowsException'{0x000000008a040868}> (0x000000008a040868) 
thrown [t:\workspace\open\src\hotspot\share\prims\jni.cpp, line 516]
Event: 0.052 Thread 0x0000025582cd3f40 Exception <a 'sun/nio/fs/WindowsException'{0x000000008a041490}> (0x000000008a041490) 
thrown [t:\workspace\open\src\hotspot\share\prims\jni.cpp, line 516]
Event: 0.052 Thread 0x0000025582cd3f40 Exception <a 'sun/nio/fs/WindowsException'{0x000000008a043368}> (0x000000008a043368) 
thrown [t:\workspace\open\src\hotspot\share\prims\jni.cpp, line 516]
Event: 0.052 Thread 0x0000025582cd3f40 Exception <a 'sun/nio/fs/WindowsException'{0x000000008a043fc8}> (0x000000008a043fc8) 
thrown [t:\workspace\open\src\hotspot\share\prims\jni.cpp, line 516]

VM Operations (2 events):
Event: 0.053 Executing VM operation: HandshakeAllThreads
Event: 0.053 Executing VM operation: HandshakeAllThreads done

Events (20 events):
Event: 0.051 loading class sun/nio/fs/WindowsSecurityDescriptor
Event: 0.051 loading class sun/nio/fs/WindowsSecurityDescriptor done
Event: 0.062 Thread 0x00000255a192da40 Thread added: 0x00000255a192da40
Event: 0.063 loading class sun/nio/cs/UTF_8$Decoder
Event: 0.064 loading class sun/nio/cs/UTF_8$Decoder done
Event: 0.066 Loaded shared library C:\Program Files\Java\jdk-17.0.2\bin\zip.dll
Event: 0.084 loading class jdk/internal/loader/URLClassPath$FileLoader
Event: 0.084 loading class jdk/internal/loader/URLClassPath$FileLoader done
Event: 0.084 loading class jdk/internal/loader/URLClassPath$FileLoader$1
Event: 0.084 loading class jdk/internal/loader/URLClassPath$FileLoader$1 done
Event: 0.087 Loaded shared library C:\Program Files\Java\jdk-17.0.2\bin\verify.dll
Event: 0.089 loading class java/io/Reader
Event: 0.089 loading class java/io/Reader done
Event: 0.089 loading class java/io/InputStreamReader
Event: 0.089 loading class java/io/InputStreamReader done
Event: 0.090 Loaded shared library C:\Users\Nadeesh Hirushan\.jssc\windows\jSSC-2.8_x86_64.dll
Event: 0.093 loading class java/lang/InterruptedException
Event: 0.093 loading class java/lang/InterruptedException done
Event: 0.093 loading class java/lang/SecurityException
Event: 0.093 loading class java/lang/SecurityException done


Dynamic libraries:
0x00007ff654580000 - 0x00007ff654590000 	C:\Program Files\Java\jdk-17.0.2\bin\java.exe
0x00007ff84d8a0000 - 0x00007ff84daa9000 	C:\WINDOWS\SYSTEM32\ntdll.dll
0x00007ff84c740000 - 0x00007ff84c7fd000 	C:\WINDOWS\System32\KERNEL32.DLL
0x00007ff84b2a0000 - 0x00007ff84b614000 	C:\WINDOWS\System32\KERNELBASE.dll
0x00007ff84b010000 - 0x00007ff84b121000 	C:\WINDOWS\System32\ucrtbase.dll
0x00007ff844960000 - 0x00007ff84497a000 	C:\Program Files\Java\jdk-17.0.2\bin\VCRUNTIME140.dll
0x00007ff83b630000 - 0x00007ff83b648000 	C:\Program Files\Java\jdk-17.0.2\bin\jli.dll
0x00007ff84c910000 - 0x00007ff84c9be000 	C:\WINDOWS\System32\ADVAPI32.dll
0x00007ff84bcb0000 - 0x00007ff84bd53000 	C:\WINDOWS\System32\msvcrt.dll
0x00007ff84bc10000 - 0x00007ff84bcae000 	C:\WINDOWS\System32\sechost.dll
0x00007ff84cb80000 - 0x00007ff84cca0000 	C:\WINDOWS\System32\RPCRT4.dll
0x00007ff84c9c0000 - 0x00007ff84cb6c000 	C:\WINDOWS\System32\USER32.dll
0x00007ff84afe0000 - 0x00007ff84b006000 	C:\WINDOWS\System32\win32u.dll
0x00007ff82dc00000 - 0x00007ff82dea5000 	C:\WINDOWS\WinSxS\amd64_microsoft.windows.common-controls_6595b64144ccf1df_6.0.22000.120_none_9d947278b86cc467\COMCTL32.dll
0x00007ff84c140000 - 0x00007ff84c169000 	C:\WINDOWS\System32\GDI32.dll
0x00007ff84ae00000 - 0x00007ff84af12000 	C:\WINDOWS\System32\gdi32full.dll
0x00007ff84b6a0000 - 0x00007ff84b73d000 	C:\WINDOWS\System32\msvcp_win.dll
0x00007ff841e20000 - 0x00007ff841e2a000 	C:\WINDOWS\SYSTEM32\VERSION.dll
0x00007ff84bf60000 - 0x00007ff84bf91000 	C:\WINDOWS\System32\IMM32.DLL
0x00007ff843880000 - 0x00007ff84388c000 	C:\Program Files\Java\jdk-17.0.2\bin\vcruntime140_1.dll
0x00007ff800e80000 - 0x00007ff800f0d000 	C:\Program Files\Java\jdk-17.0.2\bin\msvcp140.dll
0x00007fffcd410000 - 0x00007fffcdfd1000 	C:\Program Files\Java\jdk-17.0.2\bin\server\jvm.dll
0x00007ff84c720000 - 0x00007ff84c728000 	C:\WINDOWS\System32\PSAPI.DLL
0x00007ff82e170000 - 0x00007ff82e179000 	C:\WINDOWS\SYSTEM32\WSOCK32.dll
0x00007ff83a5e0000 - 0x00007ff83a613000 	C:\WINDOWS\SYSTEM32\WINMM.dll
0x00007ff84b7c0000 - 0x00007ff84b82f000 	C:\WINDOWS\System32\WS2_32.dll
0x00007ff849e90000 - 0x00007ff849ea8000 	C:\WINDOWS\SYSTEM32\kernel.appcore.dll
0x00007ff83eea0000 - 0x00007ff83eeaa000 	C:\Program Files\Java\jdk-17.0.2\bin\jimage.dll
0x00007ff845880000 - 0x00007ff845aa1000 	C:\WINDOWS\SYSTEM32\DBGHELP.DLL
0x00007ff821470000 - 0x00007ff8214a1000 	C:\WINDOWS\SYSTEM32\dbgcore.DLL
0x00007ff84b620000 - 0x00007ff84b69f000 	C:\WINDOWS\System32\bcryptPrimitives.dll
0x00007ff839220000 - 0x00007ff839245000 	C:\Program Files\Java\jdk-17.0.2\bin\java.dll
0x00007ff800ba0000 - 0x00007ff800c76000 	C:\Program Files\Java\jdk-17.0.2\bin\jsvml.dll
0x00007ff84cca0000 - 0x00007ff84d44e000 	C:\WINDOWS\System32\SHELL32.dll
0x00007ff849020000 - 0x00007ff849888000 	C:\WINDOWS\SYSTEM32\windows.storage.dll
0x00007ff84b890000 - 0x00007ff84bc08000 	C:\WINDOWS\System32\combase.dll
0x00007ff848eb0000 - 0x00007ff849016000 	C:\WINDOWS\SYSTEM32\wintypes.dll
0x00007ff84d610000 - 0x00007ff84d6fa000 	C:\WINDOWS\System32\SHCORE.dll
0x00007ff84d770000 - 0x00007ff84d7cd000 	C:\WINDOWS\System32\shlwapi.dll
0x00007ff84acc0000 - 0x00007ff84ace1000 	C:\WINDOWS\SYSTEM32\profapi.dll
0x00007ff83b790000 - 0x00007ff83b7a9000 	C:\Program Files\Java\jdk-17.0.2\bin\net.dll
0x00007ff83a8b0000 - 0x00007ff83a9bc000 	C:\WINDOWS\SYSTEM32\WINHTTP.dll
0x00007ff84a2c0000 - 0x00007ff84a327000 	C:\WINDOWS\system32\mswsock.dll
0x00007ff83b650000 - 0x00007ff83b666000 	C:\Program Files\Java\jdk-17.0.2\bin\nio.dll
0x00007ff839150000 - 0x00007ff839168000 	C:\Program Files\Java\jdk-17.0.2\bin\zip.dll
0x00007ff83cc30000 - 0x00007ff83cc40000 	C:\Program Files\Java\jdk-17.0.2\bin\verify.dll
0x0000000071100000 - 0x0000000071125000 	C:\Users\Nadeesh Hirushan\.jssc\windows\jSSC-2.8_x86_64.dll

dbghelp: loaded successfully - version: 4.0.5 - missing functions: none
symbol engine: initialized successfully - sym options: 0x614 - pdb path: .;C:\Program Files\Java\jdk-17.0.2\bin;C:\WINDOWS\SYSTEM32;C:\WINDOWS\WinSxS\amd64_microsoft.windows.common-controls_6595b64144ccf1df_6.0.22000.120_none_9d947278b86cc467;C:\Program Files\Java\jdk-17.0.2\bin\server;C:\Users\Nadeesh Hirushan\.jssc\windows

VM Arguments:
jvm_args: -Dfile.encoding=UTF-8 --module-path=D:\Final Projects\HD Final Project\Desktop Application\Netbeans Version\Suwastha Desktop\build\classes 
java_command: RFIDTest
java_class_path (initial): C:\Users\Nadeesh Hirushan\eclipse-workspace\Suwastha Desktop\src\lib\aopalliance-repackaged-3.0.1.jar;C:\Users\Nadeesh Hirushan\eclipse-workspace\Suwastha Desktop\src\lib\hk2-api-3.0.1.jar;C:\Users\Nadeesh Hirushan\eclipse-workspace\Suwastha Desktop\src\lib\hk2-locator-3.0.1.jar;C:\Users\Nadeesh Hirushan\eclipse-workspace\Suwastha Desktop\src\lib\hk2-utils-3.0.1.jar;C:\Users\Nadeesh Hirushan\eclipse-workspace\Suwastha Desktop\src\lib\jakarta.activation-2.0.1.jar;C:\Users\Nadeesh Hirushan\eclipse-workspace\Suwastha Desktop\src\lib\jakarta.annotation-api-2.0.0.jar;C:\Users\Nadeesh Hirushan\eclipse-workspace\Suwastha Desktop\src\lib\jakarta.inject-api-2.0.0.jar;C:\Users\Nadeesh Hirushan\eclipse-workspace\Suwastha Desktop\src\lib\jakarta.json.bind-api-2.0.0.jar;C:\Users\Nadeesh Hirushan\eclipse-workspace\Suwastha Desktop\src\lib\jakarta.json-2.0.0-module.jar;C:\Users\Nadeesh Hirushan\eclipse-workspace\Suwastha Desktop\src\lib\jakarta.json-api-2.0.0.jar;C:\Users\Nadeesh Hirushan\eclipse-workspace\Suwastha Desktop\src\lib\jakarta.persistence-api-3.0.0.jar;C:\Users\Nadeesh Hirushan\eclipse-workspace\Suwastha Desktop\src\lib\jakarta.servlet-api-5.0.0.jar;C:\Users\Nadeesh Hirushan\eclipse-workspace\Suwastha Desktop\src\lib\jakarta.validation-api-3.0.0.jar;C:\Users\Nadeesh Hirushan\eclipse-workspace\Suwastha Desktop\src\lib\jakarta.ws.rs-api-3.0.0.jar;C:\Users\Nadeesh Hirushan\eclipse-workspace\Suwastha Desktop\src\lib\jakarta.ws.rs-api-3.0.0-sources.jar;C:\Users\Nadeesh Hirushan\eclipse-workspace\Suwastha Desktop\src\lib\jakarta.xml.bind-api-3.0.1.jar;C:\Users\Nadeesh Hirushan\eclipse-workspace\Suwastha Desktop\src\lib\javassist-3.25.0-GA.jar;C:\Users\Nadeesh Hirushan\eclipse-workspace\Suwastha Desktop\src\lib\jersey-client.jar;C:\Users\Nadeesh Hirushan\eclipse-workspace\Suwastha Desktop\src\lib\jersey-common.jar;C:\Users\Nadeesh Hirushan\eclipse-workspace\Suwastha Desktop\src\lib\jersey-container-servlet.jar;C:\Users\Nadeesh Hirushan\eclipse-wor
Launcher Type: SUN_STANDARD

[Global flags]
     intx CICompilerCount                          = 4                                         {product} {ergonomic}
     uint ConcGCThreads                            = 2                                         {product} {ergonomic}
     uint G1ConcRefinementThreads                  = 8                                         {product} {ergonomic}
   size_t G1HeapRegionSize                         = 1048576                                   {product} {ergonomic}
    uintx GCDrainStackTargetSize                   = 64                                        {product} {ergonomic}
   size_t InitialHeapSize                          = 132120576                                 {product} {ergonomic}
   size_t MarkStackSize                            = 4194304                                   {product} {ergonomic}
   size_t MaxHeapSize                              = 2109734912                                {product} {ergonomic}
   size_t MaxNewSize                               = 1265631232                                {product} {ergonomic}
   size_t MinHeapDeltaBytes                        = 1048576                                   {product} {ergonomic}
   size_t MinHeapSize                              = 8388608                                   {product} {ergonomic}
    uintx NonNMethodCodeHeapSize                   = 5839372                                {pd product} {ergonomic}
    uintx NonProfiledCodeHeapSize                  = 122909434                              {pd product} {ergonomic}
    uintx ProfiledCodeHeapSize                     = 122909434                              {pd product} {ergonomic}
    uintx ReservedCodeCacheSize                    = 251658240                              {pd product} {ergonomic}
     bool SegmentedCodeCache                       = true                                      {product} {ergonomic}
   size_t SoftMaxHeapSize                          = 2109734912                             {manageable} {ergonomic}
     bool UseCompressedClassPointers               = true                           {product lp64_product} {ergonomic}
     bool UseCompressedOops                        = true                           {product lp64_product} {ergonomic}
     bool UseG1GC                                  = true                                      {product} {ergonomic}
     bool UseLargePagesIndividualAllocation        = false                                  {pd product} {ergonomic}

Logging:
Log output configuration:
 #0: stdout all=warning uptime,level,tags
 #1: stderr all=off uptime,level,tags

Environment Variables:
JAVA_HOME=C:\Program Files\Java\jdk-17.0.2
PATH=C:\Program Files\Common Files\Oracle\Java\javapath;C:\ProgramData\Oracle\Java\javapath;D:\WINDOWS.X64_193000_db_home\bin;C:\WINDOWS\system32;C:\WINDOWS;C:\WINDOWS\System32\Wbem;C:\WINDOWS\System32\WindowsPowerShell\v1.0\;C:\WINDOWS\System32\OpenSSH\;C:\Program Files\Intel\WiFi\bin\;C:\Program Files\Common Files\Intel\WirelessCommon\;C:\Program Files\Microsoft SQL Server\Client SDK\ODBC\170\Tools\Binn\;C:\Program Files (x86)\Microsoft SQL Server\150\DTS\Binn\;C:\Program Files (x86)\Microsoft SQL Server\150\Tools\Binn\;C:\Program Files\Microsoft SQL Server\150\Tools\Binn\;C:\Program Files\Microsoft SQL Server\150\DTS\Binn\;C:\Program Files\Azure Data Studio\bin;C:\PROGRA~2\PICC;C:\Program Files\apache-maven-3.8.1-bin\apache-maven-3.8.1\bin;C:\Program Files\Microsoft SQL Server\130\Tools\Binn\;C:\Program Files\nodejs\;C:\Program Files\Git\cmd;C:\Program Files\Java\jdk-11.0.9\bin;C:\WINDOWS\system32;C:\WINDOWS;C:\WINDOWS\System32\Wbem;C:\WINDOWS\System32\WindowsPowerShell\v1.0\;C:\WINDOWS\System32\OpenSSH\;C:\Users\Nadeesh Hirushan\AppData\Local\Programs\Python\Python310;C:\Users\Nadeesh Hirushan\AppData\Local\Programs\Python\Python310\Scripts;C:\Program Files\Java\jdk-11.0.13\bin;C:\Program Files\dotnet\;C:\Program Files\Java\jdk-17.0.2\bin;C:\Users\Nadeesh Hirushan\.dotnet\tools;C:\Users\Nadeesh Hirushan\AppData\Local\Programs\Microsoft VS Code\bin;C:\Users\Nadeesh Hirushan\Documents\flutter_windows_2.10.4-stable\flutter\bin;
USERNAME=Nadeesh Hirushan
OS=Windows_NT
PROCESSOR_IDENTIFIER=Intel64 Family 6 Model 142 Stepping 12, GenuineIntel



---------------  S Y S T E M  ---------------

OS:
 Windows 11 , 64 bit Build 22000 (10.0.22000.434)
OS uptime: 34 days 2:54 hours

CPU: total 8 (initial active 8) (4 cores per cpu, 2 threads per core) family 6 model 142 stepping 12 microcode 0xde, cx8, cmov, fxsr, ht, mmx, 3dnowpref, sse, sse2, sse3, ssse3, sse4.1, sse4.2, popcnt, lzcnt, tsc, tscinvbit, avx, avx2, aes, erms, clmul, bmi1, bmi2, adx, fma, vzeroupper, clflush, clflushopt

Memory: 4k page, system-wide physical 8043M (1158M free)
TotalPageFile size 17305M (AvailPageFile size 2990M)
current process WorkingSet (physical memory assigned to process): 35M, peak: 35M
current process commit charge ("private bytes"): 210M, peak: 210M

vm_info: Java HotSpot(TM) 64-Bit Server VM (17.0.2+8-LTS-86) for windows-amd64 JRE (17.0.2+8-LTS-86), built on Dec  7 2021 21:51:03 by "mach5one" with MS VC++ 16.8 / 16.9 (VS2019)

END.
