#
# A fatal error has been detected by the Java Runtime Environment:
#
#  EXCEPTION_ACCESS_VIOLATION (0xc0000005) at pc=0x000000007110b5db, pid=8580, tid=10308
#
# JRE version: Java(TM) SE Runtime Environment (17.0.2+8) (build 17.0.2+8-LTS-86)
# Java VM: Java HotSpot(TM) 64-Bit Server VM (17.0.2+8-LTS-86, mixed mode, sharing, tiered, compressed oops, compressed class ptrs, g1 gc, windows-amd64)
# Problematic frame:
# C  [jSSC-2.8_x86_64.dll+0xb5db]
#
# No core dump will be written. Minidumps are not enabled by default on client versions of Windows
#
# If you would like to submit a bug report, please visit:
#   https://bugreport.java.com/bugreport/crash.jsp
# The crash happened outside the Java Virtual Machine in native code.
# See problematic frame for where to report the bug.
#

---------------  S U M M A R Y ------------

Command Line: -Dfile.encoding=UTF-8 --module-path=D:\Final Projects\HD Final Project\Desktop Application\Netbeans Version\Suwastha Desktop\build\classes RFIDTest

Host: Intel(R) Core(TM) i7-8565U CPU @ 1.80GHz, 8 cores, 7G,  Windows 11 , 64 bit Build 22000 (10.0.22000.434)
Time: Mon Apr 25 13:34:42 2022 Sri Lanka Standard Time elapsed time: 0.130893 seconds (0d 0h 0m 0s)

---------------  T H R E A D  ---------------

Current thread (0x000001f776243f50):  JavaThread "main" [_thread_in_native, id=10308, stack(0x0000005018700000,0x0000005018800000)]

Stack: [0x0000005018700000,0x0000005018800000],  sp=0x00000050187ff280,  free space=1020k
Native frames: (J=compiled Java code, j=interpreted, Vv=VM code, C=native code)
C  [jSSC-2.8_x86_64.dll+0xb5db]

Java frames: (J=compiled Java code, j=interpreted, Vv=VM code)
j  jssc.SerialNativeInterface.openPort(Ljava/lang/String;Z)J+0
j  jssc.SerialPort.openPort()Z+65
j  RFIDTest.connect(Ljava/lang/String;)V+10
j  RFIDTest.main([Ljava/lang/String;)V+25
v  ~StubRoutines::call_stub

siginfo: EXCEPTION_ACCESS_VIOLATION (0xc0000005), reading address 0x000000007425b3f7


Register to memory mapping:

RIP=0x000000007110b5db jSSC-2.8_x86_64.dll
RAX=0x000000007425b3f7 is an unknown value
RBX=0x00000050187ff2f0 is pointing into the stack for thread: 0x000001f776243f50
RCX=0x00007ff84d943934 ntdll.dll
RDX=0x0 is NULL
RSP=0x00000050187ff280 is pointing into the stack for thread: 0x000001f776243f50
RBP=0x00000050187ff400 is pointing into the stack for thread: 0x000001f776243f50
RSI=0x000001f7762441f8 points into unknown readable memory: 0x00007fffcde95640 | 40 56 e9 cd ff 7f 00 00
RDI=0x00000000000004a8 is an unknown value
R8 =0x00000050187ff178 is pointing into the stack for thread: 0x000001f776243f50
R9 =0x0 is NULL
R10=0x0 is NULL
R11=0x0000000000000246 is an unknown value
R12=0x00000050187ff4c0 is pointing into the stack for thread: 0x000001f776243f50
R13=0x000001f773fe95e0 points into unknown readable memory: 0x000000000000005c | 5c 00 00 00 00 00 00 00
R14=0x00000050187ff3b0 is pointing into the stack for thread: 0x000001f776243f50
R15=0x000001f776243f50 is a thread


Registers:
RAX=0x000000007425b3f7, RBX=0x00000050187ff2f0, RCX=0x00007ff84d943934, RDX=0x0000000000000000
RSP=0x00000050187ff280, RBP=0x00000050187ff400, RSI=0x000001f7762441f8, RDI=0x00000000000004a8
R8 =0x00000050187ff178, R9 =0x0000000000000000, R10=0x0000000000000000, R11=0x0000000000000246
R12=0x00000050187ff4c0, R13=0x000001f773fe95e0, R14=0x00000050187ff3b0, R15=0x000001f776243f50
RIP=0x000000007110b5db, EFLAGS=0x0000000000010206

Top of Stack: (sp=0x00000050187ff280)
0x00000050187ff280:   000001f773fd6270 000001f7740d0000
0x00000050187ff290:   000000007110b230 000001f773fd0000
0x00000050187ff2a0:   00000050187ff360 0000000000000004
0x00000050187ff2b0:   000001f7762441f8 00000000000004a8
0x00000050187ff2c0:   00000050187ff400 0000000071112590
0x00000050187ff2d0:   000001f776243f50 00000050187ff3b0
0x00000050187ff2e0:   000001f773fe95e0 00000050187ff4c0
0x00000050187ff2f0:   000001f773fe95e0 00007ff84d8c7631
0x00000050187ff300:   000001f773fe95d0 000001f773fd0000
0x00000050187ff310:   00000050187ff400 0000000000000000
0x00000050187ff320:   0000000071113500 0000000071113be8
0x00000050187ff330:   00000050187ff360 0000000071112641
0x00000050187ff340:   00000050187ff2d0 000001f7762441f8
0x00000050187ff350:   0000000000000000 0000000000000000
0x00000050187ff360:   00000050187ff400 0000000071101595
0x00000050187ff370:   000000000000001c 000001f700000000 

Instructions: (pc=0x000000007110b5db)
0x000000007110b4db:   48 85 c0 74 bf 44 8b 03 45 85 c0 0f 84 77 ff ff
0x000000007110b4eb:   ff eb 9f 66 90 e8 8b fe ff ff 48 89 05 0c 34 01
0x000000007110b4fb:   00 eb ad 66 90 e8 7b fe ff ff 48 89 05 fc 33 01
0x000000007110b50b:   00 eb 8b e8 8d fe ff ff c7 03 01 00 00 00 e9 6f
0x000000007110b51b:   ff ff ff 66 90 55 48 89 e5 56 53 48 83 ec 20 48
0x000000007110b52b:   8b 05 d7 33 01 00 48 8b 31 48 89 cb 48 85 c0 74
0x000000007110b53b:   56 44 8b 18 45 85 db 78 42 48 8b 05 bd 33 01 00
0x000000007110b54b:   48 85 c0 74 50 44 8b 10 45 85 d2 74 1d 48 89 f1
0x000000007110b55b:   e8 d0 fd ff ff 48 8b 13 48 8d 42 40 48 8b 48 08
0x000000007110b56b:   48 8b 6a 40 48 8b 60 10 ff e1 48 8b 05 9c 33 01
0x000000007110b57b:   00 48 85 c0 74 2d 48 89 30 eb da e8 b5 fe ff ff
0x000000007110b58b:   0f 1f 44 00 00 eb b2 e8 e9 fd ff ff 48 89 05 6a
0x000000007110b59b:   33 01 00 eb 9c e8 db fd ff ff 48 89 05 5c 33 01
0x000000007110b5ab:   00 eb a2 e8 3d fd ff ff 48 89 05 5e 33 01 00 eb
0x000000007110b5bb:   c5 0f 1f 40 00 55 57 56 53 48 83 ec 28 48 8b 05
0x000000007110b5cb:   39 33 01 00 48 89 cb 48 85 c0 0f 84 c5 00 00 00
0x000000007110b5db:   8b 38 85 ff 0f 88 ab 00 00 00 48 8b 05 1c 33 01
0x000000007110b5eb:   00 48 85 c0 0f 84 bc 00 00 00 8b 30 85 f6 74 57
0x000000007110b5fb:   48 8b 05 0e 33 01 00 48 85 c0 0f 84 e5 00 00 00
0x000000007110b60b:   8b 28 48 8b 35 10 5e 01 00 ff d6 89 c7 89 e9 ff
0x000000007110b61b:   15 f4 5e 01 00 89 f9 48 89 c5 ff 15 b9 5e 01 00
0x000000007110b62b:   48 8b 05 de 32 01 00 48 89 2b 48 85 c0 74 46 48
0x000000007110b63b:   89 da 8b 08 ff 15 d7 5e 01 00 85 c0 74 27 48 83
0x000000007110b64b:   c4 28 5b 5e 5f 5d c3 48 8b 05 bf 32 01 00 48 85
0x000000007110b65b:   c0 74 64 48 8b 10 48 89 13 48 89 18 48 83 c4 28
0x000000007110b66b:   5b 5e 5f 5d c3 48 89 f2 48 83 c4 28 5b 5e 5f 5d
0x000000007110b67b:   48 ff e2 66 90 e8 8b fc ff ff 48 89 05 84 32 01
0x000000007110b68b:   00 eb ac 66 90 e8 ab fd ff ff e9 4b ff ff ff 66
0x000000007110b69b:   0f 1f 44 00 00 e8 db fc ff ff 48 89 05 5c 32 01
0x000000007110b6ab:   00 e9 2a ff ff ff e8 ca fc ff ff 48 89 05 4b 32
0x000000007110b6bb:   01 00 e9 33 ff ff ff e8 29 fc ff ff 48 89 05 4a
0x000000007110b6cb:   32 01 00 48 8b 10 48 85 c0 48 89 13 75 8b e8 12 


Stack slot to memory mapping:
stack at sp + 0 slots: 0x000001f773fd6270 points into unknown readable memory: 0x000001f7740d12c0 | c0 12 0d 74 f7 01 00 00
stack at sp + 1 slots: 0x000001f7740d0000 points into unknown readable memory: 0x0000000000000000 | 00 00 00 00 00 00 00 00
stack at sp + 2 slots: 0x000000007110b230 jSSC-2.8_x86_64.dll
stack at sp + 3 slots: 0x000001f773fd0000 points into unknown readable memory: 0x0000000000000000 | 00 00 00 00 00 00 00 00
stack at sp + 4 slots: 0x00000050187ff360 is pointing into the stack for thread: 0x000001f776243f50
stack at sp + 5 slots: 0x0000000000000004 is an unknown value
stack at sp + 6 slots: 0x000001f7762441f8 points into unknown readable memory: 0x00007fffcde95640 | 40 56 e9 cd ff 7f 00 00
stack at sp + 7 slots: 0x00000000000004a8 is an unknown value


---------------  P R O C E S S  ---------------

Threads class SMR info:
_java_thread_list=0x000001f7158dbf30, length=12, elements={
0x000001f776243f50, 0x000001f77f36ae90, 0x000001f77f36bd00, 0x000001f77f380f10,
0x000001f77f3818c0, 0x000001f77f383280, 0x000001f77f3843d0, 0x000001f77f387870,
0x000001f77f38bfb0, 0x000001f77f38f150, 0x000001f71584ddc0, 0x000001f71590f860
}

Java Threads: ( => current thread )
=>0x000001f776243f50 JavaThread "main" [_thread_in_native, id=10308, stack(0x0000005018700000,0x0000005018800000)]
  0x000001f77f36ae90 JavaThread "Reference Handler" daemon [_thread_blocked, id=13324, stack(0x0000005018e00000,0x0000005018f00000)]
  0x000001f77f36bd00 JavaThread "Finalizer" daemon [_thread_blocked, id=17032, stack(0x0000005018f00000,0x0000005019000000)]
  0x000001f77f380f10 JavaThread "Signal Dispatcher" daemon [_thread_blocked, id=12896, stack(0x0000005019000000,0x0000005019100000)]
  0x000001f77f3818c0 JavaThread "Attach Listener" daemon [_thread_blocked, id=16488, stack(0x0000005019100000,0x0000005019200000)]
  0x000001f77f383280 JavaThread "Service Thread" daemon [_thread_blocked, id=1112, stack(0x0000005019200000,0x0000005019300000)]
  0x000001f77f3843d0 JavaThread "Monitor Deflation Thread" daemon [_thread_blocked, id=9632, stack(0x0000005019300000,0x0000005019400000)]
  0x000001f77f387870 JavaThread "C2 CompilerThread0" daemon [_thread_blocked, id=14100, stack(0x0000005019400000,0x0000005019500000)]
  0x000001f77f38bfb0 JavaThread "C1 CompilerThread0" daemon [_thread_blocked, id=16060, stack(0x0000005019500000,0x0000005019600000)]
  0x000001f77f38f150 JavaThread "Sweeper thread" daemon [_thread_blocked, id=5428, stack(0x0000005019600000,0x0000005019700000)]
  0x000001f71584ddc0 JavaThread "Common-Cleaner" daemon [_thread_blocked, id=10304, stack(0x0000005019700000,0x0000005019800000)]
  0x000001f71590f860 JavaThread "Notification Thread" daemon [_thread_blocked, id=15448, stack(0x0000005019800000,0x0000005019900000)]

Other Threads:
  0x000001f77f366700 VMThread "VM Thread" [stack: 0x0000005018d00000,0x0000005018e00000] [id=9024]
  0x000001f715917d20 WatcherThread [stack: 0x0000005019900000,0x0000005019a00000] [id=1428]
  0x000001f7762837f0 GCTaskThread "GC Thread#0" [stack: 0x0000005018800000,0x0000005018900000] [id=1156]
  0x000001f7762952c0 ConcurrentGCThread "G1 Main Marker" [stack: 0x0000005018900000,0x0000005018a00000] [id=14588]
  0x000001f776295cd0 ConcurrentGCThread "G1 Conc#0" [stack: 0x0000005018a00000,0x0000005018b00000] [id=13352]
  0x000001f776310210 ConcurrentGCThread "G1 Refine#0" [stack: 0x0000005018b00000,0x0000005018c00000] [id=2340]
  0x000001f776310c30 ConcurrentGCThread "G1 Service" [stack: 0x0000005018c00000,0x0000005018d00000] [id=17876]

Threads with active compile tasks:

VM state: not at safepoint (normal execution)

VM Mutex/Monitor currently owned by a thread: None

Heap address: 0x0000000082400000, size: 2012 MB, Compressed Oops mode: 32-bit

CDS archive(s) mapped at: [0x0000000800000000-0x0000000800bc0000-0x0000000800bc0000), size 12320768, SharedBaseAddress: 0x0000000800000000, ArchiveRelocationMode: 0.
Compressed class space mapped at: 0x0000000800c00000-0x0000000840c00000, reserved size: 1073741824
Narrow klass base: 0x0000000800000000, Narrow klass shift: 0, Narrow klass range: 0x100000000

GC Precious Log:
 CPUs: 8 total, 8 available
 Memory: 8043M
 Large Page Support: Disabled
 NUMA Support: Disabled
 Compressed Oops: Enabled (32-bit)
 Heap Region Size: 1M
 Heap Min Capacity: 8M
 Heap Initial Capacity: 126M
 Heap Max Capacity: 2012M
 Pre-touch: Disabled
 Parallel Workers: 8
 Concurrent Workers: 2
 Concurrent Refinement Workers: 8
 Periodic GC: Disabled

Heap:
 garbage-first heap   total 129024K, used 3072K [0x0000000082400000, 0x0000000100000000)
  region size 1024K, 4 young (4096K), 0 survivors (0K)
 Metaspace       used 511K, committed 640K, reserved 1056768K
  class space    used 34K, committed 128K, reserved 1048576K

Heap Regions: E=young(eden), S=young(survivor), O=old, HS=humongous(starts), HC=humongous(continues), CS=collection set, F=free, OA=open archive, CA=closed archive, TAMS=top-at-mark-start (previous, next)
|   0|0x0000000082400000, 0x0000000082400000, 0x0000000082500000|  0%| F|  |TAMS 0x0000000082400000, 0x0000000082400000| Untracked 
|   1|0x0000000082500000, 0x0000000082500000, 0x0000000082600000|  0%| F|  |TAMS 0x0000000082500000, 0x0000000082500000| Untracked 
|   2|0x0000000082600000, 0x0000000082600000, 0x0000000082700000|  0%| F|  |TAMS 0x0000000082600000, 0x0000000082600000| Untracked 
|   3|0x0000000082700000, 0x0000000082700000, 0x0000000082800000|  0%| F|  |TAMS 0x0000000082700000, 0x0000000082700000| Untracked 
|   4|0x0000000082800000, 0x0000000082800000, 0x0000000082900000|  0%| F|  |TAMS 0x0000000082800000, 0x0000000082800000| Untracked 
|   5|0x0000000082900000, 0x0000000082900000, 0x0000000082a00000|  0%| F|  |TAMS 0x0000000082900000, 0x0000000082900000| Untracked 
|   6|0x0000000082a00000, 0x0000000082a00000, 0x0000000082b00000|  0%| F|  |TAMS 0x0000000082a00000, 0x0000000082a00000| Untracked 
|   7|0x0000000082b00000, 0x0000000082b00000, 0x0000000082c00000|  0%| F|  |TAMS 0x0000000082b00000, 0x0000000082b00000| Untracked 
|   8|0x0000000082c00000, 0x0000000082c00000, 0x0000000082d00000|  0%| F|  |TAMS 0x0000000082c00000, 0x0000000082c00000| Untracked 
|   9|0x0000000082d00000, 0x0000000082d00000, 0x0000000082e00000|  0%| F|  |TAMS 0x0000000082d00000, 0x0000000082d00000| Untracked 
|  10|0x0000000082e00000, 0x0000000082e00000, 0x0000000082f00000|  0%| F|  |TAMS 0x0000000082e00000, 0x0000000082e00000| Untracked 
|  11|0x0000000082f00000, 0x0000000082f00000, 0x0000000083000000|  0%| F|  |TAMS 0x0000000082f00000, 0x0000000082f00000| Untracked 
|  12|0x0000000083000000, 0x0000000083000000, 0x0000000083100000|  0%| F|  |TAMS 0x0000000083000000, 0x0000000083000000| Untracked 
|  13|0x0000000083100000, 0x0000000083100000, 0x0000000083200000|  0%| F|  |TAMS 0x0000000083100000, 0x0000000083100000| Untracked 
|  14|0x0000000083200000, 0x0000000083200000, 0x0000000083300000|  0%| F|  |TAMS 0x0000000083200000, 0x0000000083200000| Untracked 
|  15|0x0000000083300000, 0x0000000083300000, 0x0000000083400000|  0%| F|  |TAMS 0x0000000083300000, 0x0000000083300000| Untracked 
|  16|0x0000000083400000, 0x0000000083400000, 0x0000000083500000|  0%| F|  |TAMS 0x0000000083400000, 0x0000000083400000| Untracked 
|  17|0x0000000083500000, 0x0000000083500000, 0x0000000083600000|  0%| F|  |TAMS 0x0000000083500000, 0x0000000083500000| Untracked 
|  18|0x0000000083600000, 0x0000000083600000, 0x0000000083700000|  0%| F|  |TAMS 0x0000000083600000, 0x0000000083600000| Untracked 
|  19|0x0000000083700000, 0x0000000083700000, 0x0000000083800000|  0%| F|  |TAMS 0x0000000083700000, 0x0000000083700000| Untracked 
|  20|0x0000000083800000, 0x0000000083800000, 0x0000000083900000|  0%| F|  |TAMS 0x0000000083800000, 0x0000000083800000| Untracked 
|  21|0x0000000083900000, 0x0000000083900000, 0x0000000083a00000|  0%| F|  |TAMS 0x0000000083900000, 0x0000000083900000| Untracked 
|  22|0x0000000083a00000, 0x0000000083a00000, 0x0000000083b00000|  0%| F|  |TAMS 0x0000000083a00000, 0x0000000083a00000| Untracked 
|  23|0x0000000083b00000, 0x0000000083b00000, 0x0000000083c00000|  0%| F|  |TAMS 0x0000000083b00000, 0x0000000083b00000| Untracked 
|  24|0x0000000083c00000, 0x0000000083c00000, 0x0000000083d00000|  0%| F|  |TAMS 0x0000000083c00000, 0x0000000083c00000| Untracked 
|  25|0x0000000083d00000, 0x0000000083d00000, 0x0000000083e00000|  0%| F|  |TAMS 0x0000000083d00000, 0x0000000083d00000| Untracked 
|  26|0x0000000083e00000, 0x0000000083e00000, 0x0000000083f00000|  0%| F|  |TAMS 0x0000000083e00000, 0x0000000083e00000| Untracked 
|  27|0x0000000083f00000, 0x0000000083f00000, 0x0000000084000000|  0%| F|  |TAMS 0x0000000083f00000, 0x0000000083f00000| Untracked 
|  28|0x0000000084000000, 0x0000000084000000, 0x0000000084100000|  0%| F|  |TAMS 0x0000000084000000, 0x0000000084000000| Untracked 
|  29|0x0000000084100000, 0x0000000084100000, 0x0000000084200000|  0%| F|  |TAMS 0x0000000084100000, 0x0000000084100000| Untracked 
|  30|0x0000000084200000, 0x0000000084200000, 0x0000000084300000|  0%| F|  |TAMS 0x0000000084200000, 0x0000000084200000| Untracked 
|  31|0x0000000084300000, 0x0000000084300000, 0x0000000084400000|  0%| F|  |TAMS 0x0000000084300000, 0x0000000084300000| Untracked 
|  32|0x0000000084400000, 0x0000000084400000, 0x0000000084500000|  0%| F|  |TAMS 0x0000000084400000, 0x0000000084400000| Untracked 
|  33|0x0000000084500000, 0x0000000084500000, 0x0000000084600000|  0%| F|  |TAMS 0x0000000084500000, 0x0000000084500000| Untracked 
|  34|0x0000000084600000, 0x0000000084600000, 0x0000000084700000|  0%| F|  |TAMS 0x0000000084600000, 0x0000000084600000| Untracked 
|  35|0x0000000084700000, 0x0000000084700000, 0x0000000084800000|  0%| F|  |TAMS 0x0000000084700000, 0x0000000084700000| Untracked 
|  36|0x0000000084800000, 0x0000000084800000, 0x0000000084900000|  0%| F|  |TAMS 0x0000000084800000, 0x0000000084800000| Untracked 
|  37|0x0000000084900000, 0x0000000084900000, 0x0000000084a00000|  0%| F|  |TAMS 0x0000000084900000, 0x0000000084900000| Untracked 
|  38|0x0000000084a00000, 0x0000000084a00000, 0x0000000084b00000|  0%| F|  |TAMS 0x0000000084a00000, 0x0000000084a00000| Untracked 
|  39|0x0000000084b00000, 0x0000000084b00000, 0x0000000084c00000|  0%| F|  |TAMS 0x0000000084b00000, 0x0000000084b00000| Untracked 
|  40|0x0000000084c00000, 0x0000000084c00000, 0x0000000084d00000|  0%| F|  |TAMS 0x0000000084c00000, 0x0000000084c00000| Untracked 
|  41|0x0000000084d00000, 0x0000000084d00000, 0x0000000084e00000|  0%| F|  |TAMS 0x0000000084d00000, 0x0000000084d00000| Untracked 
|  42|0x0000000084e00000, 0x0000000084e00000, 0x0000000084f00000|  0%| F|  |TAMS 0x0000000084e00000, 0x0000000084e00000| Untracked 
|  43|0x0000000084f00000, 0x0000000084f00000, 0x0000000085000000|  0%| F|  |TAMS 0x0000000084f00000, 0x0000000084f00000| Untracked 
|  44|0x0000000085000000, 0x0000000085000000, 0x0000000085100000|  0%| F|  |TAMS 0x0000000085000000, 0x0000000085000000| Untracked 
|  45|0x0000000085100000, 0x0000000085100000, 0x0000000085200000|  0%| F|  |TAMS 0x0000000085100000, 0x0000000085100000| Untracked 
|  46|0x0000000085200000, 0x0000000085200000, 0x0000000085300000|  0%| F|  |TAMS 0x0000000085200000, 0x0000000085200000| Untracked 
|  47|0x0000000085300000, 0x0000000085300000, 0x0000000085400000|  0%| F|  |TAMS 0x0000000085300000, 0x0000000085300000| Untracked 
|  48|0x0000000085400000, 0x0000000085400000, 0x0000000085500000|  0%| F|  |TAMS 0x0000000085400000, 0x0000000085400000| Untracked 
|  49|0x0000000085500000, 0x0000000085500000, 0x0000000085600000|  0%| F|  |TAMS 0x0000000085500000, 0x0000000085500000| Untracked 
|  50|0x0000000085600000, 0x0000000085600000, 0x0000000085700000|  0%| F|  |TAMS 0x0000000085600000, 0x0000000085600000| Untracked 
|  51|0x0000000085700000, 0x0000000085700000, 0x0000000085800000|  0%| F|  |TAMS 0x0000000085700000, 0x0000000085700000| Untracked 
|  52|0x0000000085800000, 0x0000000085800000, 0x0000000085900000|  0%| F|  |TAMS 0x0000000085800000, 0x0000000085800000| Untracked 
|  53|0x0000000085900000, 0x0000000085900000, 0x0000000085a00000|  0%| F|  |TAMS 0x0000000085900000, 0x0000000085900000| Untracked 
|  54|0x0000000085a00000, 0x0000000085a00000, 0x0000000085b00000|  0%| F|  |TAMS 0x0000000085a00000, 0x0000000085a00000| Untracked 
|  55|0x0000000085b00000, 0x0000000085b00000, 0x0000000085c00000|  0%| F|  |TAMS 0x0000000085b00000, 0x0000000085b00000| Untracked 
|  56|0x0000000085c00000, 0x0000000085c00000, 0x0000000085d00000|  0%| F|  |TAMS 0x0000000085c00000, 0x0000000085c00000| Untracked 
|  57|0x0000000085d00000, 0x0000000085d00000, 0x0000000085e00000|  0%| F|  |TAMS 0x0000000085d00000, 0x0000000085d00000| Untracked 
|  58|0x0000000085e00000, 0x0000000085e00000, 0x0000000085f00000|  0%| F|  |TAMS 0x0000000085e00000, 0x0000000085e00000| Untracked 
|  59|0x0000000085f00000, 0x0000000085f00000, 0x0000000086000000|  0%| F|  |TAMS 0x0000000085f00000, 0x0000000085f00000| Untracked 
|  60|0x0000000086000000, 0x0000000086000000, 0x0000000086100000|  0%| F|  |TAMS 0x0000000086000000, 0x0000000086000000| Untracked 
|  61|0x0000000086100000, 0x0000000086100000, 0x0000000086200000|  0%| F|  |TAMS 0x0000000086100000, 0x0000000086100000| Untracked 
|  62|0x0000000086200000, 0x0000000086200000, 0x0000000086300000|  0%| F|  |TAMS 0x0000000086200000, 0x0000000086200000| Untracked 
|  63|0x0000000086300000, 0x0000000086300000, 0x0000000086400000|  0%| F|  |TAMS 0x0000000086300000, 0x0000000086300000| Untracked 
|  64|0x0000000086400000, 0x0000000086400000, 0x0000000086500000|  0%| F|  |TAMS 0x0000000086400000, 0x0000000086400000| Untracked 
|  65|0x0000000086500000, 0x0000000086500000, 0x0000000086600000|  0%| F|  |TAMS 0x0000000086500000, 0x0000000086500000| Untracked 
|  66|0x0000000086600000, 0x0000000086600000, 0x0000000086700000|  0%| F|  |TAMS 0x0000000086600000, 0x0000000086600000| Untracked 
|  67|0x0000000086700000, 0x0000000086700000, 0x0000000086800000|  0%| F|  |TAMS 0x0000000086700000, 0x0000000086700000| Untracked 
|  68|0x0000000086800000, 0x0000000086800000, 0x0000000086900000|  0%| F|  |TAMS 0x0000000086800000, 0x0000000086800000| Untracked 
|  69|0x0000000086900000, 0x0000000086900000, 0x0000000086a00000|  0%| F|  |TAMS 0x0000000086900000, 0x0000000086900000| Untracked 
|  70|0x0000000086a00000, 0x0000000086a00000, 0x0000000086b00000|  0%| F|  |TAMS 0x0000000086a00000, 0x0000000086a00000| Untracked 
|  71|0x0000000086b00000, 0x0000000086b00000, 0x0000000086c00000|  0%| F|  |TAMS 0x0000000086b00000, 0x0000000086b00000| Untracked 
|  72|0x0000000086c00000, 0x0000000086c00000, 0x0000000086d00000|  0%| F|  |TAMS 0x0000000086c00000, 0x0000000086c00000| Untracked 
|  73|0x0000000086d00000, 0x0000000086d00000, 0x0000000086e00000|  0%| F|  |TAMS 0x0000000086d00000, 0x0000000086d00000| Untracked 
|  74|0x0000000086e00000, 0x0000000086e00000, 0x0000000086f00000|  0%| F|  |TAMS 0x0000000086e00000, 0x0000000086e00000| Untracked 
|  75|0x0000000086f00000, 0x0000000086f00000, 0x0000000087000000|  0%| F|  |TAMS 0x0000000086f00000, 0x0000000086f00000| Untracked 
|  76|0x0000000087000000, 0x0000000087000000, 0x0000000087100000|  0%| F|  |TAMS 0x0000000087000000, 0x0000000087000000| Untracked 
|  77|0x0000000087100000, 0x0000000087100000, 0x0000000087200000|  0%| F|  |TAMS 0x0000000087100000, 0x0000000087100000| Untracked 
|  78|0x0000000087200000, 0x0000000087200000, 0x0000000087300000|  0%| F|  |TAMS 0x0000000087200000, 0x0000000087200000| Untracked 
|  79|0x0000000087300000, 0x0000000087300000, 0x0000000087400000|  0%| F|  |TAMS 0x0000000087300000, 0x0000000087300000| Untracked 
|  80|0x0000000087400000, 0x0000000087400000, 0x0000000087500000|  0%| F|  |TAMS 0x0000000087400000, 0x0000000087400000| Untracked 
|  81|0x0000000087500000, 0x0000000087500000, 0x0000000087600000|  0%| F|  |TAMS 0x0000000087500000, 0x0000000087500000| Untracked 
|  82|0x0000000087600000, 0x0000000087600000, 0x0000000087700000|  0%| F|  |TAMS 0x0000000087600000, 0x0000000087600000| Untracked 
|  83|0x0000000087700000, 0x0000000087700000, 0x0000000087800000|  0%| F|  |TAMS 0x0000000087700000, 0x0000000087700000| Untracked 
|  84|0x0000000087800000, 0x0000000087800000, 0x0000000087900000|  0%| F|  |TAMS 0x0000000087800000, 0x0000000087800000| Untracked 
|  85|0x0000000087900000, 0x0000000087900000, 0x0000000087a00000|  0%| F|  |TAMS 0x0000000087900000, 0x0000000087900000| Untracked 
|  86|0x0000000087a00000, 0x0000000087a00000, 0x0000000087b00000|  0%| F|  |TAMS 0x0000000087a00000, 0x0000000087a00000| Untracked 
|  87|0x0000000087b00000, 0x0000000087b00000, 0x0000000087c00000|  0%| F|  |TAMS 0x0000000087b00000, 0x0000000087b00000| Untracked 
|  88|0x0000000087c00000, 0x0000000087c00000, 0x0000000087d00000|  0%| F|  |TAMS 0x0000000087c00000, 0x0000000087c00000| Untracked 
|  89|0x0000000087d00000, 0x0000000087d00000, 0x0000000087e00000|  0%| F|  |TAMS 0x0000000087d00000, 0x0000000087d00000| Untracked 
|  90|0x0000000087e00000, 0x0000000087e00000, 0x0000000087f00000|  0%| F|  |TAMS 0x0000000087e00000, 0x0000000087e00000| Untracked 
|  91|0x0000000087f00000, 0x0000000087f00000, 0x0000000088000000|  0%| F|  |TAMS 0x0000000087f00000, 0x0000000087f00000| Untracked 
|  92|0x0000000088000000, 0x0000000088000000, 0x0000000088100000|  0%| F|  |TAMS 0x0000000088000000, 0x0000000088000000| Untracked 
|  93|0x0000000088100000, 0x0000000088100000, 0x0000000088200000|  0%| F|  |TAMS 0x0000000088100000, 0x0000000088100000| Untracked 
|  94|0x0000000088200000, 0x0000000088200000, 0x0000000088300000|  0%| F|  |TAMS 0x0000000088200000, 0x0000000088200000| Untracked 
|  95|0x0000000088300000, 0x0000000088300000, 0x0000000088400000|  0%| F|  |TAMS 0x0000000088300000, 0x0000000088300000| Untracked 
|  96|0x0000000088400000, 0x0000000088400000, 0x0000000088500000|  0%| F|  |TAMS 0x0000000088400000, 0x0000000088400000| Untracked 
|  97|0x0000000088500000, 0x0000000088500000, 0x0000000088600000|  0%| F|  |TAMS 0x0000000088500000, 0x0000000088500000| Untracked 
|  98|0x0000000088600000, 0x0000000088600000, 0x0000000088700000|  0%| F|  |TAMS 0x0000000088600000, 0x0000000088600000| Untracked 
|  99|0x0000000088700000, 0x0000000088700000, 0x0000000088800000|  0%| F|  |TAMS 0x0000000088700000, 0x0000000088700000| Untracked 
| 100|0x0000000088800000, 0x0000000088800000, 0x0000000088900000|  0%| F|  |TAMS 0x0000000088800000, 0x0000000088800000| Untracked 
| 101|0x0000000088900000, 0x0000000088900000, 0x0000000088a00000|  0%| F|  |TAMS 0x0000000088900000, 0x0000000088900000| Untracked 
| 102|0x0000000088a00000, 0x0000000088a00000, 0x0000000088b00000|  0%| F|  |TAMS 0x0000000088a00000, 0x0000000088a00000| Untracked 
| 103|0x0000000088b00000, 0x0000000088b00000, 0x0000000088c00000|  0%| F|  |TAMS 0x0000000088b00000, 0x0000000088b00000| Untracked 
| 104|0x0000000088c00000, 0x0000000088c00000, 0x0000000088d00000|  0%| F|  |TAMS 0x0000000088c00000, 0x0000000088c00000| Untracked 
| 105|0x0000000088d00000, 0x0000000088d00000, 0x0000000088e00000|  0%| F|  |TAMS 0x0000000088d00000, 0x0000000088d00000| Untracked 
| 106|0x0000000088e00000, 0x0000000088e00000, 0x0000000088f00000|  0%| F|  |TAMS 0x0000000088e00000, 0x0000000088e00000| Untracked 
| 107|0x0000000088f00000, 0x0000000088f00000, 0x0000000089000000|  0%| F|  |TAMS 0x0000000088f00000, 0x0000000088f00000| Untracked 
| 108|0x0000000089000000, 0x0000000089000000, 0x0000000089100000|  0%| F|  |TAMS 0x0000000089000000, 0x0000000089000000| Untracked 
| 109|0x0000000089100000, 0x0000000089100000, 0x0000000089200000|  0%| F|  |TAMS 0x0000000089100000, 0x0000000089100000| Untracked 
| 110|0x0000000089200000, 0x0000000089200000, 0x0000000089300000|  0%| F|  |TAMS 0x0000000089200000, 0x0000000089200000| Untracked 
| 111|0x0000000089300000, 0x0000000089300000, 0x0000000089400000|  0%| F|  |TAMS 0x0000000089300000, 0x0000000089300000| Untracked 
| 112|0x0000000089400000, 0x0000000089400000, 0x0000000089500000|  0%| F|  |TAMS 0x0000000089400000, 0x0000000089400000| Untracked 
| 113|0x0000000089500000, 0x0000000089500000, 0x0000000089600000|  0%| F|  |TAMS 0x0000000089500000, 0x0000000089500000| Untracked 
| 114|0x0000000089600000, 0x0000000089600000, 0x0000000089700000|  0%| F|  |TAMS 0x0000000089600000, 0x0000000089600000| Untracked 
| 115|0x0000000089700000, 0x0000000089700000, 0x0000000089800000|  0%| F|  |TAMS 0x0000000089700000, 0x0000000089700000| Untracked 
| 116|0x0000000089800000, 0x0000000089800000, 0x0000000089900000|  0%| F|  |TAMS 0x0000000089800000, 0x0000000089800000| Untracked 
| 117|0x0000000089900000, 0x0000000089900000, 0x0000000089a00000|  0%| F|  |TAMS 0x0000000089900000, 0x0000000089900000| Untracked 
| 118|0x0000000089a00000, 0x0000000089a00000, 0x0000000089b00000|  0%| F|  |TAMS 0x0000000089a00000, 0x0000000089a00000| Untracked 
| 119|0x0000000089b00000, 0x0000000089b00000, 0x0000000089c00000|  0%| F|  |TAMS 0x0000000089b00000, 0x0000000089b00000| Untracked 
| 120|0x0000000089c00000, 0x0000000089c00000, 0x0000000089d00000|  0%| F|  |TAMS 0x0000000089c00000, 0x0000000089c00000| Untracked 
| 121|0x0000000089d00000, 0x0000000089d00000, 0x0000000089e00000|  0%| F|  |TAMS 0x0000000089d00000, 0x0000000089d00000| Untracked 
| 122|0x0000000089e00000, 0x0000000089e76440, 0x0000000089f00000| 46%| E|  |TAMS 0x0000000089e00000, 0x0000000089e00000| Complete 
| 123|0x0000000089f00000, 0x000000008a000000, 0x000000008a000000|100%| E|CS|TAMS 0x0000000089f00000, 0x0000000089f00000| Complete 
| 124|0x000000008a000000, 0x000000008a100000, 0x000000008a100000|100%| E|CS|TAMS 0x000000008a000000, 0x000000008a000000| Complete 
| 125|0x000000008a100000, 0x000000008a200000, 0x000000008a200000|100%| E|CS|TAMS 0x000000008a100000, 0x000000008a100000| Complete 

Card table byte_map: [0x000001f77e1c0000,0x000001f77e5b0000] _byte_map_base: 0x000001f77ddae000

Marking Bits (Prev, Next): (CMBitMap*) 0x000001f776284e10, (CMBitMap*) 0x000001f776284e50
 Prev Bits: [0x000001f70f000000, 0x000001f710f70000)
 Next Bits: [0x000001f710f70000, 0x000001f712ee0000)

Polling page: 0x000001f775a20000

Metaspace:

Usage:
  Non-class:    477.60 KB used.
      Class:     34.22 KB used.
       Both:    511.82 KB used.

Virtual space:
  Non-class space:        8.00 MB reserved,     512.00 KB (  6%) committed,  1 nodes.
      Class space:        1.00 GB reserved,     128.00 KB ( <1%) committed,  1 nodes.
             Both:        1.01 GB reserved,     640.00 KB ( <1%) committed. 

Chunk freelists:
   Non-Class:  3.94 MB
       Class:  3.74 MB
        Both:  7.68 MB

MaxMetaspaceSize: unlimited
CompressedClassSpaceSize: 1.00 GB
Initial GC threshold: 21.00 MB
Current GC threshold: 21.00 MB
CDS: on
MetaspaceReclaimPolicy: balanced
 - commit_granule_bytes: 65536.
 - commit_granule_words: 8192.
 - virtual_space_node_default_size: 1048576.
 - enlarge_chunks_in_place: 1.
 - new_chunks_are_fully_committed: 0.
 - uncommit_free_chunks: 1.
 - use_allocation_guard: 0.
 - handle_deallocations: 1.


Internal statistics:

num_allocs_failed_limit: 0.
num_arena_births: 6.
num_arena_deaths: 0.
num_vsnodes_births: 2.
num_vsnodes_deaths: 0.
num_space_committed: 10.
num_space_uncommitted: 0.
num_chunks_returned_to_freelist: 0.
num_chunks_taken_from_freelist: 13.
num_chunk_merges: 0.
num_chunk_splits: 7.
num_chunks_enlarged: 5.
num_purges: 0.
num_inconsistent_stats: 0.

CodeHeap 'non-profiled nmethods': size=120000Kb used=90Kb max_used=90Kb free=119909Kb
 bounds [0x000001f707ad0000, 0x000001f707d40000, 0x000001f70f000000]
CodeHeap 'profiled nmethods': size=120000Kb used=319Kb max_used=319Kb free=119680Kb
 bounds [0x000001f7005a0000, 0x000001f700810000, 0x000001f707ad0000]
CodeHeap 'non-nmethods': size=5760Kb used=1097Kb max_used=1113Kb free=4662Kb
 bounds [0x000001f700000000, 0x000001f700270000, 0x000001f7005a0000]
 total_blobs=644 nmethods=273 adapters=284
 compilation: enabled
              stopped_count=0, restarted_count=0
 full_count=0

Compilation events (20 events):
Event: 0.119 Thread 0x000001f77f38bfb0 nmethod 263 0x000001f7005e4d10 code [0x000001f7005e4ee0, 0x000001f7005e5178]
Event: 0.119 Thread 0x000001f77f38bfb0  264       3       java.lang.StringLatin1::lastIndexOf (40 bytes)
Event: 0.119 Thread 0x000001f77f38bfb0 nmethod 264 0x000001f7005e5290 code [0x000001f7005e5460, 0x000001f7005e5858]
Event: 0.119 Thread 0x000001f77f38bfb0  262       1       java.util.ArrayList::size (5 bytes)
Event: 0.119 Thread 0x000001f77f38bfb0 nmethod 262 0x000001f707ae6290 code [0x000001f707ae6420, 0x000001f707ae64f8]
Event: 0.120 Thread 0x000001f77f38bfb0  265       3       java.lang.String::startsWith (138 bytes)
Event: 0.121 Thread 0x000001f77f38bfb0 nmethod 265 0x000001f7005e5990 code [0x000001f7005e5ba0, 0x000001f7005e6438]
Event: 0.121 Thread 0x000001f77f387870  266 %     4       java.lang.StringLatin1::indexOfChar @ 7 (33 bytes)
Event: 0.123 Thread 0x000001f77f38bfb0  267   !   3       java.util.zip.ZipFile$Source::getEntryPos (173 bytes)
Event: 0.124 Thread 0x000001f77f387870 nmethod 266% 0x000001f707ae6590 code [0x000001f707ae6720, 0x000001f707ae6938]
Event: 0.124 Thread 0x000001f77f38bfb0 nmethod 267 0x000001f7005e6710 code [0x000001f7005e6a00, 0x000001f7005e7aa8]
Event: 0.124 Thread 0x000001f77f38bfb0  268   !   3       java.util.zip.ZipFile::getEntry (59 bytes)
Event: 0.125 Thread 0x000001f77f38bfb0 nmethod 268 0x000001f7005e8490 code [0x000001f7005e8680, 0x000001f7005e8af8]
Event: 0.125 Thread 0x000001f77f38bfb0  269       3       java.lang.String::checkBoundsBeginEnd (63 bytes)
Event: 0.125 Thread 0x000001f77f38bfb0 nmethod 269 0x000001f7005e8d90 code [0x000001f7005e9020, 0x000001f7005e9918]
Event: 0.125 Thread 0x000001f77f38bfb0  270       3       java.lang.String::substring (58 bytes)
Event: 0.125 Thread 0x000001f77f38bfb0 nmethod 270 0x000001f7005e9c90 code [0x000001f7005e9e80, 0x000001f7005ea328]
Event: 0.125 Thread 0x000001f77f38bfb0  271   !   3       java.util.jar.JarFile::checkForSpecialAttributes (163 bytes)
Event: 0.126 Thread 0x000001f77f38bfb0 nmethod 271 0x000001f7005ea510 code [0x000001f7005ea820, 0x000001f7005ebab8]
Event: 0.126 Thread 0x000001f77f38bfb0  272  s!   3       jdk.internal.loader.URLClassPath::getLoader (194 bytes)

GC Heap History (0 events):
No events

Deoptimization events (4 events):
Event: 0.070 Thread 0x000001f776243f50 Uncommon trap: trap_request=0xffffff45 fr.pc=0x000001f707ad8678 relative=0x0000000000000078
Event: 0.070 Thread 0x000001f776243f50 Uncommon trap: reason=unstable_if action=reinterpret pc=0x000001f707ad8678 method=java.lang.String.isLatin1()Z @ 10 c2
Event: 0.070 Thread 0x000001f776243f50 DEOPT PACKING pc=0x000001f707ad8678 sp=0x00000050187ff070
Event: 0.070 Thread 0x000001f776243f50 DEOPT UNPACKING pc=0x000001f7000523a3 sp=0x00000050187fefb0 mode 2

Classes unloaded (0 events):
No events

Classes redefined (0 events):
No events

Internal exceptions (10 events):
Event: 0.058 Thread 0x000001f776243f50 Exception <a 'sun/nio/fs/WindowsException'{0x000000008a03a328}> (0x000000008a03a328) 
thrown [t:\workspace\open\src\hotspot\share\prims\jni.cpp, line 516]
Event: 0.058 Thread 0x000001f776243f50 Exception <a 'sun/nio/fs/WindowsException'{0x000000008a03a930}> (0x000000008a03a930) 
thrown [t:\workspace\open\src\hotspot\share\prims\jni.cpp, line 516]
Event: 0.060 Thread 0x000001f776243f50 Exception <a 'sun/nio/fs/WindowsException'{0x000000008a03d0b8}> (0x000000008a03d0b8) 
thrown [t:\workspace\open\src\hotspot\share\prims\jni.cpp, line 516]
Event: 0.060 Thread 0x000001f776243f50 Exception <a 'sun/nio/fs/WindowsException'{0x000000008a03dcc8}> (0x000000008a03dcc8) 
thrown [t:\workspace\open\src\hotspot\share\prims\jni.cpp, line 516]
Event: 0.060 Thread 0x000001f776243f50 Exception <a 'sun/nio/fs/WindowsException'{0x000000008a03ee20}> (0x000000008a03ee20) 
thrown [t:\workspace\open\src\hotspot\share\prims\jni.cpp, line 516]
Event: 0.060 Thread 0x000001f776243f50 Exception <a 'sun/nio/fs/WindowsException'{0x000000008a03fa80}> (0x000000008a03fa80) 
thrown [t:\workspace\open\src\hotspot\share\prims\jni.cpp, line 516]
Event: 0.060 Thread 0x000001f776243f50 Exception <a 'sun/nio/fs/WindowsException'{0x000000008a040bd0}> (0x000000008a040bd0) 
thrown [t:\workspace\open\src\hotspot\share\prims\jni.cpp, line 516]
Event: 0.060 Thread 0x000001f776243f50 Exception <a 'sun/nio/fs/WindowsException'{0x000000008a0417f8}> (0x000000008a0417f8) 
thrown [t:\workspace\open\src\hotspot\share\prims\jni.cpp, line 516]
Event: 0.060 Thread 0x000001f776243f50 Exception <a 'sun/nio/fs/WindowsException'{0x000000008a043368}> (0x000000008a043368) 
thrown [t:\workspace\open\src\hotspot\share\prims\jni.cpp, line 516]
Event: 0.060 Thread 0x000001f776243f50 Exception <a 'sun/nio/fs/WindowsException'{0x000000008a043fc8}> (0x000000008a043fc8) 
thrown [t:\workspace\open\src\hotspot\share\prims\jni.cpp, line 516]

VM Operations (2 events):
Event: 0.061 Executing VM operation: HandshakeAllThreads
Event: 0.061 Executing VM operation: HandshakeAllThreads done

Events (20 events):
Event: 0.059 loading class sun/nio/fs/WindowsSecurityDescriptor
Event: 0.059 loading class sun/nio/fs/WindowsSecurityDescriptor done
Event: 0.069 Thread 0x000001f71590f860 Thread added: 0x000001f71590f860
Event: 0.071 loading class sun/nio/cs/UTF_8$Decoder
Event: 0.071 loading class sun/nio/cs/UTF_8$Decoder done
Event: 0.073 Loaded shared library C:\Program Files\Java\jdk-17.0.2\bin\zip.dll
Event: 0.092 loading class jdk/internal/loader/URLClassPath$FileLoader
Event: 0.092 loading class jdk/internal/loader/URLClassPath$FileLoader done
Event: 0.092 loading class jdk/internal/loader/URLClassPath$FileLoader$1
Event: 0.093 loading class jdk/internal/loader/URLClassPath$FileLoader$1 done
Event: 0.120 Loaded shared library C:\Program Files\Java\jdk-17.0.2\bin\verify.dll
Event: 0.121 loading class java/io/Reader
Event: 0.121 loading class java/io/Reader done
Event: 0.121 loading class java/io/InputStreamReader
Event: 0.121 loading class java/io/InputStreamReader done
Event: 0.123 Loaded shared library C:\Users\Nadeesh Hirushan\.jssc\windows\jSSC-2.8_x86_64.dll
Event: 0.126 loading class java/lang/InterruptedException
Event: 0.126 loading class java/lang/InterruptedException done
Event: 0.126 loading class java/lang/SecurityException
Event: 0.126 loading class java/lang/SecurityException done


Dynamic libraries:
0x00007ff654580000 - 0x00007ff654590000 	C:\Program Files\Java\jdk-17.0.2\bin\java.exe
0x00007ff84d8a0000 - 0x00007ff84daa9000 	C:\WINDOWS\SYSTEM32\ntdll.dll
0x00007ff84c740000 - 0x00007ff84c7fd000 	C:\WINDOWS\System32\KERNEL32.DLL
0x00007ff84b2a0000 - 0x00007ff84b614000 	C:\WINDOWS\System32\KERNELBASE.dll
0x00007ff84b010000 - 0x00007ff84b121000 	C:\WINDOWS\System32\ucrtbase.dll
0x00007ff844960000 - 0x00007ff84497a000 	C:\Program Files\Java\jdk-17.0.2\bin\VCRUNTIME140.dll
0x00007ff83eec0000 - 0x00007ff83eed8000 	C:\Program Files\Java\jdk-17.0.2\bin\jli.dll
0x00007ff84c910000 - 0x00007ff84c9be000 	C:\WINDOWS\System32\ADVAPI32.dll
0x00007ff84bcb0000 - 0x00007ff84bd53000 	C:\WINDOWS\System32\msvcrt.dll
0x00007ff84bc10000 - 0x00007ff84bcae000 	C:\WINDOWS\System32\sechost.dll
0x00007ff84cb80000 - 0x00007ff84cca0000 	C:\WINDOWS\System32\RPCRT4.dll
0x00007ff84c9c0000 - 0x00007ff84cb6c000 	C:\WINDOWS\System32\USER32.dll
0x00007ff84afe0000 - 0x00007ff84b006000 	C:\WINDOWS\System32\win32u.dll
0x00007ff82dc00000 - 0x00007ff82dea5000 	C:\WINDOWS\WinSxS\amd64_microsoft.windows.common-controls_6595b64144ccf1df_6.0.22000.120_none_9d947278b86cc467\COMCTL32.dll
0x00007ff84c140000 - 0x00007ff84c169000 	C:\WINDOWS\System32\GDI32.dll
0x00007ff84ae00000 - 0x00007ff84af12000 	C:\WINDOWS\System32\gdi32full.dll
0x00007ff84b6a0000 - 0x00007ff84b73d000 	C:\WINDOWS\System32\msvcp_win.dll
0x00007ff841e20000 - 0x00007ff841e2a000 	C:\WINDOWS\SYSTEM32\VERSION.dll
0x00007ff84bf60000 - 0x00007ff84bf91000 	C:\WINDOWS\System32\IMM32.DLL
0x00007ff843880000 - 0x00007ff84388c000 	C:\Program Files\Java\jdk-17.0.2\bin\vcruntime140_1.dll
0x00007ff800e80000 - 0x00007ff800f0d000 	C:\Program Files\Java\jdk-17.0.2\bin\msvcp140.dll
0x00007fffcd410000 - 0x00007fffcdfd1000 	C:\Program Files\Java\jdk-17.0.2\bin\server\jvm.dll
0x00007ff84c720000 - 0x00007ff84c728000 	C:\WINDOWS\System32\PSAPI.DLL
0x00007ff82e170000 - 0x00007ff82e179000 	C:\WINDOWS\SYSTEM32\WSOCK32.dll
0x00007ff84b7c0000 - 0x00007ff84b82f000 	C:\WINDOWS\System32\WS2_32.dll
0x00007ff83a5e0000 - 0x00007ff83a613000 	C:\WINDOWS\SYSTEM32\WINMM.dll
0x00007ff849e90000 - 0x00007ff849ea8000 	C:\WINDOWS\SYSTEM32\kernel.appcore.dll
0x00007ff83eea0000 - 0x00007ff83eeaa000 	C:\Program Files\Java\jdk-17.0.2\bin\jimage.dll
0x00007ff845880000 - 0x00007ff845aa1000 	C:\WINDOWS\SYSTEM32\DBGHELP.DLL
0x00007ff821470000 - 0x00007ff8214a1000 	C:\WINDOWS\SYSTEM32\dbgcore.DLL
0x00007ff84b620000 - 0x00007ff84b69f000 	C:\WINDOWS\System32\bcryptPrimitives.dll
0x00007ff839220000 - 0x00007ff839245000 	C:\Program Files\Java\jdk-17.0.2\bin\java.dll
0x00007ff800ba0000 - 0x00007ff800c76000 	C:\Program Files\Java\jdk-17.0.2\bin\jsvml.dll
0x00007ff84cca0000 - 0x00007ff84d44e000 	C:\WINDOWS\System32\SHELL32.dll
0x00007ff849020000 - 0x00007ff849888000 	C:\WINDOWS\SYSTEM32\windows.storage.dll
0x00007ff84b890000 - 0x00007ff84bc08000 	C:\WINDOWS\System32\combase.dll
0x00007ff848eb0000 - 0x00007ff849016000 	C:\WINDOWS\SYSTEM32\wintypes.dll
0x00007ff84d610000 - 0x00007ff84d6fa000 	C:\WINDOWS\System32\SHCORE.dll
0x00007ff84d770000 - 0x00007ff84d7cd000 	C:\WINDOWS\System32\shlwapi.dll
0x00007ff84acc0000 - 0x00007ff84ace1000 	C:\WINDOWS\SYSTEM32\profapi.dll
0x00007ff83b790000 - 0x00007ff83b7a9000 	C:\Program Files\Java\jdk-17.0.2\bin\net.dll
0x00007ff83a8b0000 - 0x00007ff83a9bc000 	C:\WINDOWS\SYSTEM32\WINHTTP.dll
0x00007ff84a2c0000 - 0x00007ff84a327000 	C:\WINDOWS\system32\mswsock.dll
0x00007ff83b650000 - 0x00007ff83b666000 	C:\Program Files\Java\jdk-17.0.2\bin\nio.dll
0x00007ff839150000 - 0x00007ff839168000 	C:\Program Files\Java\jdk-17.0.2\bin\zip.dll
0x00007ff83cc30000 - 0x00007ff83cc40000 	C:\Program Files\Java\jdk-17.0.2\bin\verify.dll
0x0000000071100000 - 0x0000000071125000 	C:\Users\Nadeesh Hirushan\.jssc\windows\jSSC-2.8_x86_64.dll

dbghelp: loaded successfully - version: 4.0.5 - missing functions: none
symbol engine: initialized successfully - sym options: 0x614 - pdb path: .;C:\Program Files\Java\jdk-17.0.2\bin;C:\WINDOWS\SYSTEM32;C:\WINDOWS\WinSxS\amd64_microsoft.windows.common-controls_6595b64144ccf1df_6.0.22000.120_none_9d947278b86cc467;C:\Program Files\Java\jdk-17.0.2\bin\server;C:\Users\Nadeesh Hirushan\.jssc\windows

VM Arguments:
jvm_args: -Dfile.encoding=UTF-8 --module-path=D:\Final Projects\HD Final Project\Desktop Application\Netbeans Version\Suwastha Desktop\build\classes 
java_command: RFIDTest
java_class_path (initial): C:\Users\Nadeesh Hirushan\eclipse-workspace\Suwastha Desktop\src\lib\aopalliance-repackaged-3.0.1.jar;C:\Users\Nadeesh Hirushan\eclipse-workspace\Suwastha Desktop\src\lib\hk2-api-3.0.1.jar;C:\Users\Nadeesh Hirushan\eclipse-workspace\Suwastha Desktop\src\lib\hk2-locator-3.0.1.jar;C:\Users\Nadeesh Hirushan\eclipse-workspace\Suwastha Desktop\src\lib\hk2-utils-3.0.1.jar;C:\Users\Nadeesh Hirushan\eclipse-workspace\Suwastha Desktop\src\lib\jakarta.activation-2.0.1.jar;C:\Users\Nadeesh Hirushan\eclipse-workspace\Suwastha Desktop\src\lib\jakarta.annotation-api-2.0.0.jar;C:\Users\Nadeesh Hirushan\eclipse-workspace\Suwastha Desktop\src\lib\jakarta.inject-api-2.0.0.jar;C:\Users\Nadeesh Hirushan\eclipse-workspace\Suwastha Desktop\src\lib\jakarta.json.bind-api-2.0.0.jar;C:\Users\Nadeesh Hirushan\eclipse-workspace\Suwastha Desktop\src\lib\jakarta.json-2.0.0-module.jar;C:\Users\Nadeesh Hirushan\eclipse-workspace\Suwastha Desktop\src\lib\jakarta.json-api-2.0.0.jar;C:\Users\Nadeesh Hirushan\eclipse-workspace\Suwastha Desktop\src\lib\jakarta.persistence-api-3.0.0.jar;C:\Users\Nadeesh Hirushan\eclipse-workspace\Suwastha Desktop\src\lib\jakarta.servlet-api-5.0.0.jar;C:\Users\Nadeesh Hirushan\eclipse-workspace\Suwastha Desktop\src\lib\jakarta.validation-api-3.0.0.jar;C:\Users\Nadeesh Hirushan\eclipse-workspace\Suwastha Desktop\src\lib\jakarta.ws.rs-api-3.0.0.jar;C:\Users\Nadeesh Hirushan\eclipse-workspace\Suwastha Desktop\src\lib\jakarta.ws.rs-api-3.0.0-sources.jar;C:\Users\Nadeesh Hirushan\eclipse-workspace\Suwastha Desktop\src\lib\jakarta.xml.bind-api-3.0.1.jar;C:\Users\Nadeesh Hirushan\eclipse-workspace\Suwastha Desktop\src\lib\javassist-3.25.0-GA.jar;C:\Users\Nadeesh Hirushan\eclipse-workspace\Suwastha Desktop\src\lib\jersey-client.jar;C:\Users\Nadeesh Hirushan\eclipse-workspace\Suwastha Desktop\src\lib\jersey-common.jar;C:\Users\Nadeesh Hirushan\eclipse-workspace\Suwastha Desktop\src\lib\jersey-container-servlet.jar;C:\Users\Nadeesh Hirushan\eclipse-wor
Launcher Type: SUN_STANDARD

[Global flags]
     intx CICompilerCount                          = 4                                         {product} {ergonomic}
     uint ConcGCThreads                            = 2                                         {product} {ergonomic}
     uint G1ConcRefinementThreads                  = 8                                         {product} {ergonomic}
   size_t G1HeapRegionSize                         = 1048576                                   {product} {ergonomic}
    uintx GCDrainStackTargetSize                   = 64                                        {product} {ergonomic}
   size_t InitialHeapSize                          = 132120576                                 {product} {ergonomic}
   size_t MarkStackSize                            = 4194304                                   {product} {ergonomic}
   size_t MaxHeapSize                              = 2109734912                                {product} {ergonomic}
   size_t MaxNewSize                               = 1265631232                                {product} {ergonomic}
   size_t MinHeapDeltaBytes                        = 1048576                                   {product} {ergonomic}
   size_t MinHeapSize                              = 8388608                                   {product} {ergonomic}
    uintx NonNMethodCodeHeapSize                   = 5839372                                {pd product} {ergonomic}
    uintx NonProfiledCodeHeapSize                  = 122909434                              {pd product} {ergonomic}
    uintx ProfiledCodeHeapSize                     = 122909434                              {pd product} {ergonomic}
    uintx ReservedCodeCacheSize                    = 251658240                              {pd product} {ergonomic}
     bool SegmentedCodeCache                       = true                                      {product} {ergonomic}
   size_t SoftMaxHeapSize                          = 2109734912                             {manageable} {ergonomic}
     bool UseCompressedClassPointers               = true                           {product lp64_product} {ergonomic}
     bool UseCompressedOops                        = true                           {product lp64_product} {ergonomic}
     bool UseG1GC                                  = true                                      {product} {ergonomic}
     bool UseLargePagesIndividualAllocation        = false                                  {pd product} {ergonomic}

Logging:
Log output configuration:
 #0: stdout all=warning uptime,level,tags
 #1: stderr all=off uptime,level,tags

Environment Variables:
JAVA_HOME=C:\Program Files\Java\jdk-17.0.2
PATH=C:\Program Files\Common Files\Oracle\Java\javapath;C:\ProgramData\Oracle\Java\javapath;D:\WINDOWS.X64_193000_db_home\bin;C:\WINDOWS\system32;C:\WINDOWS;C:\WINDOWS\System32\Wbem;C:\WINDOWS\System32\WindowsPowerShell\v1.0\;C:\WINDOWS\System32\OpenSSH\;C:\Program Files\Intel\WiFi\bin\;C:\Program Files\Common Files\Intel\WirelessCommon\;C:\Program Files\Microsoft SQL Server\Client SDK\ODBC\170\Tools\Binn\;C:\Program Files (x86)\Microsoft SQL Server\150\DTS\Binn\;C:\Program Files (x86)\Microsoft SQL Server\150\Tools\Binn\;C:\Program Files\Microsoft SQL Server\150\Tools\Binn\;C:\Program Files\Microsoft SQL Server\150\DTS\Binn\;C:\Program Files\Azure Data Studio\bin;C:\PROGRA~2\PICC;C:\Program Files\apache-maven-3.8.1-bin\apache-maven-3.8.1\bin;C:\Program Files\Microsoft SQL Server\130\Tools\Binn\;C:\Program Files\nodejs\;C:\Program Files\Git\cmd;C:\Program Files\Java\jdk-11.0.9\bin;C:\WINDOWS\system32;C:\WINDOWS;C:\WINDOWS\System32\Wbem;C:\WINDOWS\System32\WindowsPowerShell\v1.0\;C:\WINDOWS\System32\OpenSSH\;C:\Users\Nadeesh Hirushan\AppData\Local\Programs\Python\Python310;C:\Users\Nadeesh Hirushan\AppData\Local\Programs\Python\Python310\Scripts;C:\Program Files\Java\jdk-11.0.13\bin;C:\Program Files\dotnet\;C:\Program Files\Java\jdk-17.0.2\bin;C:\Users\Nadeesh Hirushan\.dotnet\tools;C:\Users\Nadeesh Hirushan\AppData\Local\Programs\Microsoft VS Code\bin;C:\Users\Nadeesh Hirushan\Documents\flutter_windows_2.10.4-stable\flutter\bin;
USERNAME=Nadeesh Hirushan
OS=Windows_NT
PROCESSOR_IDENTIFIER=Intel64 Family 6 Model 142 Stepping 12, GenuineIntel



---------------  S Y S T E M  ---------------

OS:
 Windows 11 , 64 bit Build 22000 (10.0.22000.434)
OS uptime: 34 days 3:49 hours

CPU: total 8 (initial active 8) (4 cores per cpu, 2 threads per core) family 6 model 142 stepping 12 microcode 0xde, cx8, cmov, fxsr, ht, mmx, 3dnowpref, sse, sse2, sse3, ssse3, sse4.1, sse4.2, popcnt, lzcnt, tsc, tscinvbit, avx, avx2, aes, erms, clmul, bmi1, bmi2, adx, fma, vzeroupper, clflush, clflushopt

Memory: 4k page, system-wide physical 8043M (1586M free)
TotalPageFile size 17305M (AvailPageFile size 2540M)
current process WorkingSet (physical memory assigned to process): 35M, peak: 35M
current process commit charge ("private bytes"): 210M, peak: 210M

vm_info: Java HotSpot(TM) 64-Bit Server VM (17.0.2+8-LTS-86) for windows-amd64 JRE (17.0.2+8-LTS-86), built on Dec  7 2021 21:51:03 by "mach5one" with MS VC++ 16.8 / 16.9 (VS2019)

END.
